
AgesaModulePkg\AMDTools\NewPspKit\PspDirectoryTool\BuildPspDirectory.exe
AgesaModulePkg\AMDTools\NewPspKit\PspDirectoryTool\BuildPspDirectory.py

AgesaModulePkg\AgesaCommonModulePkg.dec
AgesaModulePkg\AgesaModuleMemPkg.dec
AgesaModulePkg\AgesaModuleNbioPkg.dec
AgesaModulePkg\Ccx\Zen\CcxZenZpDxe\AmdCcxZenZpDxe.c
AgesaModulePkg\Ccx\Zen\CcxZenZpDxe\CcxZenZpMicrocodePatch.c
AgesaModulePkg\Ccx\Zen\CcxZenZpDxe\CcxZenZpSmbiosDxe.c

AgesaModulePkg\Ccx\Zen\CcxZenZpPei\AmdCcxZenZpPei.c
AgesaModulePkg\Ccx\Zen\CcxZenZpPei\CcxZenZpDownCoreInit.c

AgesaModulePkg\Ccx\Zen\CcxZenZpSmm\AmdCcxZenZpSmm.c

AgesaModulePkg\Fabric\ZP\FabricZpDxe\FabricAcpiMsct.c

AgesaModulePkg\Fch\Taishan\FchTaishanCore\Common\FchDef.h
AgesaModulePkg\Fch\Taishan\FchTaishanCore\Common\FchSmnLib.c
AgesaModulePkg\Fch\Taishan\FchTaishanCore\FchTaishanLibDxe.inf
AgesaModulePkg\Fch\Taishan\FchTaishanCore\FchTaishanLibPei.inf
AgesaModulePkg\Fch\Taishan\FchTaishanCore\Taishan\TSFch.h
AgesaModulePkg\Fch\Taishan\FchTaishanCore\Taishan\TSHwAcpi\TSHwAcpiEnvService.c
AgesaModulePkg\Fch\Taishan\FchTaishanCore\Taishan\TSUsb\TSXhciEnv.c
AgesaModulePkg\Fch\Taishan\FchTaishanCore\Taishan\TSUsb\TSXhciService.c

AgesaModulePkg\Fch\Taishan\FchTaishanMultiFchPei\FchMultiFchPei.c

AgesaModulePkg\Fch\Taishan\FchTaishanSmm\SxSmi.c

AgesaModulePkg\Firmwares\Firmwares.cif

AgesaModulePkg\Include\AGESA.h
AgesaModulePkg\Include\AmdPspDirectory.h
AgesaModulePkg\Include\Include.cif
AgesaModulePkg\Include\Library\AmdPspBaseLibV2.h
AgesaModulePkg\Include\SocLogicalId.h
AgesaModulePkg\Include\cpuRegisters.h

AgesaModulePkg\Library\AmdCalloutLib\AgesaReadSpd.c
AgesaModulePkg\Library\AmdCalloutLib\AgesaReadSpd.h
AgesaModulePkg\Library\AmdCalloutLib\AmdCalloutLib.inf
AgesaModulePkg\Library\AmdPspBaseLibV2\AmdPspBaseLibV2.c
AgesaModulePkg\Library\ApcbLib\ApcbLib.inf
AgesaModulePkg\Library\ApcbLib\DramPostPackageRepair.c
AgesaModulePkg\Library\BaseSocLogicalIdXlatZpDieLib\BaseSocLogicalIdXlatZpDieLib.c
AgesaModulePkg\Library\DxioLibV1\DxioLibV1.c
AgesaModulePkg\Library\DxioLibV1\DxioLibV1.inf
AgesaModulePkg\Library\HygonPspTpcmLib\HygonPspTpcmNullLib.c
AgesaModulePkg\Library\HygonPspTpcmLib\HygonPspTpcmNullLib.inf
AgesaModulePkg\Library\NbioRegisterAccLib\NbioRegisterAcc.inf
AgesaModulePkg\Library\PeiSocBistZpLib\PeiSocBistZpLib.c
AgesaModulePkg\Library\PeiSocBistZpLib\PeiSocBistZpLib.inf

AgesaModulePkg\Nbio\PCIe\AmdNbioPcieZPPei\AmdNbioPcieZPPei.inf
AgesaModulePkg\Nbio\PCIe\AmdNbioPcieZPPei\DxioInitZP.c
AgesaModulePkg\Nbio\PCIe\AmdNbioPcieZPPei\NtbFeature.c

AgesaModulePkg\Nbio\SMU\AmdNbioSmuV9Dxe\AmdNbioSmuV9Dxe.c
AgesaModulePkg\Nbio\SMU\AmdNbioSmuV9Dxe\ServerHotplugV9.c

AgesaModulePkg\SnpDxe\AmdXgbe.c
AgesaModulePkg\SnpDxe\SnpDxe.c
AgesaModulePkg\SnpDxe\SnpDxe.cif
AgesaModulePkg\SnpDxe\SnpDxe.h
AgesaModulePkg\SnpDxe\SnpDxeConfig.h
AgesaModulePkg\SnpDxe\SnpDxeImplement.c
AgesaModulePkg\SnpDxe\SnpDxePort.sdl
AgesaModulePkg\SnpDxe\SnpDxeXgbe.c
AgesaModulePkg\SnpDxe\SnpDxeXgbe.h

AgesaModulePkg\Universal\Smbios\AmdSmbiosDxe.inf
AgesaModulePkg\Universal\Smbios\AmdSmbiosType17.c

AgesaPkg\Addendum\Apcb\HONGHAIA1b\ApcbCreate.bat
AgesaPkg\Addendum\Apcb\HONGHAIA1b\ApcbData\ApcbData.cif
AgesaPkg\Addendum\Apcb\HONGHAIA1b\ApcbData\ApcbData_ZP_GID_0x1704_Type_ExtParams.c
AgesaPkg\Addendum\Apcb\HONGHAIA1b\ApcbData\ApcbData_ZP_GID_0x1704_Type_SpdInfo.c
AgesaPkg\Addendum\Apcb\HONGHAIA1b\ApcbData\ApcbData_ZP_GID_0x1704_Type_SpdInfo_udimm.c
AgesaPkg\Addendum\Apcb\HONGHAIA1b\Include\ApcbCustomizedDefinitions.h
AgesaPkg\Addendum\Apcb\HONGHAIA2d\ApcbData\ApcbData_ZP_GID_0x1704_Type_ExtParams.c
AgesaPkg\Addendum\Apcb\HONGHAIA2d\ApcbData\ApcbData_ZP_GID_0x1704_Type_SpdInfo.c
AgesaPkg\Addendum\Apcb\HONGHAIA2d\ApcbData\ApcbData_ZP_GID_0x1704_Type_SpdInfo_udimm.c
AgesaPkg\Addendum\Apcb\HONGHAIA2d\Include\ApcbCustomizedDefinitions.h
AgesaPkg\Addendum\Apcb\HonghaiDM1\ApcbData\ApcbData_ZP_GID_0x1704_Type_ExtParams.c
AgesaPkg\Addendum\Apcb\HonghaiDM1\ApcbData\ApcbData_ZP_GID_0x1704_Type_SpdInfo.c
AgesaPkg\Addendum\Apcb\HonghaiDM1\ApcbData\ApcbData_ZP_GID_0x1704_Type_SpdInfo_udimm.c
AgesaPkg\Addendum\Apcb\HonghaiDM1\Include\ApcbCustomizedDefinitions.h
AgesaPkg\Addendum\Apcb\HonghaiSL1SLTSL1r2\ApcbData\ApcbData_ZP_GID_0x1704_Type_ExtParams.c
AgesaPkg\Addendum\Apcb\HonghaiSL1SLTSL1r2\ApcbData\ApcbData_ZP_GID_0x1704_Type_PsMaxFreqRDIMMDdr4.c
AgesaPkg\Addendum\Apcb\HonghaiSL1SLTSL1r2\ApcbData\ApcbData_ZP_GID_0x1704_Type_SpdInfo.c
AgesaPkg\Addendum\Apcb\HonghaiSL1SLTSL1r2\Include\ApcbCustomizedDefinitions.h
AgesaPkg\Addendum\Apcb\HonghaiSL1SLT\ApcbCreate.bat
AgesaPkg\Addendum\Apcb\HonghaiSL1SLT\ApcbData\ApcbData_ZP_GID_0x1704_Type_ExtParams.c
AgesaPkg\Addendum\Apcb\HonghaiSL1SLT\ApcbData\ApcbData_ZP_GID_0x1704_Type_PsCadBusLRDIMMDdr4.c
AgesaPkg\Addendum\Apcb\HonghaiSL1SLT\ApcbData\ApcbData_ZP_GID_0x1704_Type_PsDataBusLRDIMMDdr4.c
AgesaPkg\Addendum\Apcb\HonghaiSL1SLT\ApcbData\ApcbData_ZP_GID_0x1704_Type_PsMaxFreqRDIMMDdr4.c
AgesaPkg\Addendum\Apcb\HonghaiSL1SLT\ApcbData\ApcbData_ZP_GID_0x1704_Type_PsOdtPatLRDIMMDdr4.c
AgesaPkg\Addendum\Apcb\HonghaiSL1SLT\ApcbData\ApcbData_ZP_GID_0x1704_Type_SpdInfo.c
AgesaPkg\Addendum\Apcb\HonghaiSL1SLT\Include\ApcbCustomizedDefinitions.h
AgesaPkg\Addendum\Apcb\Hygon62DB32SL1r2\ApcbData\ApcbData_ZP_GID_0x1704_Type_ExtParams.c
AgesaPkg\Addendum\Apcb\Hygon62DB32SL1r2\ApcbData\ApcbData_ZP_GID_0x1704_Type_PsDataBusLRDIMMDdr4.c
AgesaPkg\Addendum\Apcb\Hygon62DB32SL1r2\ApcbData\ApcbData_ZP_GID_0x1704_Type_PsMaxFreqRDIMMDdr4.c
AgesaPkg\Addendum\Apcb\Hygon62DB32SL1r2\ApcbData\ApcbData_ZP_GID_0x1704_Type_SpdInfo.c
AgesaPkg\Addendum\Apcb\Hygon62DB32SL1r2\Include\ApcbCustomizedDefinitions.h
AgesaPkg\Addendum\Apcb\Hygon62DB32\ApcbData\ApcbData_ZP_GID_0x1704_Type_ExtParams.c
AgesaPkg\Addendum\Apcb\Hygon62DB32\ApcbData\ApcbData_ZP_GID_0x1704_Type_PsDataBusLRDIMMDdr4.c
AgesaPkg\Addendum\Apcb\Hygon62DB32\ApcbData\ApcbData_ZP_GID_0x1704_Type_PsMaxFreqRDIMMDdr4.c
AgesaPkg\Addendum\Apcb\Hygon62DB32\ApcbData\ApcbData_ZP_GID_0x1704_Type_SpdInfo.c
AgesaPkg\Addendum\Apcb\Hygon62DB32\Include\ApcbCustomizedDefinitions.h
AgesaPkg\Addendum\Apcb\HygonDM1SLT\ApcbData\ApcbData_ZP_GID_0x1704_Type_SpdInfo_udimm.c
AgesaPkg\Addendum\Apcb\Inc\Apcb.h

AgesaPkg\Addendum\Ccx\Ccx.sdl
AgesaPkg\Addendum\Ccx\OemAgesaCcxPlatformLib\OemAgesaCcxPlatformLib.c
AgesaPkg\Addendum\Ccx\OemAgesaCcxPlatformLib\OemAgesaCcxPlatformLib.inf

AgesaPkg\AgesaPkg.dec
AgesaPkg\Include\AmdSoc.h

AmdCbsPkg\Library\Family\0x17\ZP\External\CbsSetupLib\CbsCustomCorePstates.c
AmdCbsPkg\Library\Family\0x17\ZP\External\CbsSetupLib\CbsSetupLib.c
AmdCbsPkg\Library\Family\0x17\ZP\External\Resource\AmdCbsForm.vfr
AmdCbsPkg\Library\Family\0x17\ZP\External\Resource\AmdCbsStrings.uni
AmdCbsPkg\Library\Family\0x17\ZP\External\Resource\ApcbSetDataZP.c
AmdCbsPkg\Library\Family\0x17\ZP\External\Resource\CbsIdsNvZP.c

AmdCpmPkg\Addendum\Oem\HONGHAIA1b\HONGHAIA1b.cif
AmdCpmPkg\Addendum\Oem\HONGHAIA1b\Pei\Pei.cif
AmdCpmPkg\Addendum\Oem\HONGHAIA2d\HONGHAIA2d.cif
AmdCpmPkg\Addendum\Oem\HONGHAIA2d\Pei\Pei.cif
AmdCpmPkg\Addendum\Oem\HonghaiDM1\AmdCpmHonghaiDM1Pkg.inc.dsc
AmdCpmPkg\Addendum\Oem\HonghaiDM1\Pei\AmdCpmOemInitPei\AmdCpmOemTable.c
AmdCpmPkg\Addendum\Oem\HonghaiSL1SLTSL1r2\HygonCpmHonghaiSL1SLTSL1r2Pkg.inc.dsc
AmdCpmPkg\Addendum\Oem\HonghaiSL1SLTSL1r2\Pei\FieldCardPcieWorkaround\FieldCardPcieWorkaround.c
AmdCpmPkg\Addendum\Oem\HonghaiSL1SLTSL1r2\Pei\FieldCardPcieWorkaround\FieldCardPcieWorkaround.sdl
AmdCpmPkg\Addendum\Oem\HonghaiSL1SLTSL1r2\Pei\HygonCpmOemInitPei\HygonCpmOemSetup.c
AmdCpmPkg\Addendum\Oem\HonghaiSL1SLT\HygonCpmHonghaiSL1SLTPkg.inc.dsc
AmdCpmPkg\Addendum\Oem\HonghaiSL1SLT\Pei\FieldCardPcieWorkaround\FieldCardPcieWorkaround.c
AmdCpmPkg\Addendum\Oem\HonghaiSL1SLT\Pei\HygonCpmOemInitPei\HygonCpmOemInitPeim.c
AmdCpmPkg\Addendum\Oem\HonghaiSL1SLT\Pei\HygonCpmOemInitPei\HygonCpmOemSetup.c
AmdCpmPkg\Addendum\Oem\Hygon35N16\Hygon35N16.cif
AmdCpmPkg\Addendum\Oem\Hygon35N16\Pei\Pei.cif
AmdCpmPkg\Addendum\Oem\Hygon52D16\Hygon52D16.cif
AmdCpmPkg\Addendum\Oem\Hygon52D16\Pei\Pei.cif
AmdCpmPkg\Addendum\Oem\Hygon62DB32SL1r2\Hygon62DB32SL1r2.cif
AmdCpmPkg\Addendum\Oem\Hygon62DB32SL1r2\Pei\Pei.cif
AmdCpmPkg\Addendum\Oem\Hygon62DB32\Hygon62DB32.cif
AmdCpmPkg\Addendum\Oem\Hygon62DB32\Pei\Pei.cif
AmdCpmPkg\Addendum\Oem\Hygon65N32\Hygon65N32.cif
AmdCpmPkg\Addendum\Oem\Hygon65N32\Pei\Pei.cif
AmdCpmPkg\Addendum\Oem\HygonDM1SLT\HygonDM1SLT.cif
AmdCpmPkg\Addendum\Oem\HygonDM1SLT\Pei\Pei.cif

AmdCpmPkg\Features\PcieInit\Pei\AmdCpmPcieInitPeim.c
AmdCpmPkg\Features\PlatformRas\Dxe\AmdPlatformRasDxe.c
AmdCpmPkg\Features\SpiLock\Dxe\AmdSpiLockDxe.c
AmdCpmPkg\Features\SpiLock\Smm\AmdSpiLockSmm.c
AmdCpmPkg\Features\SpiLock\Smm\AmdSpiLockSmm.inf

AmdCpmPkg\Include\AmdCpmCommon.h
AmdCpmPkg\Include\AmdCpmDxe.h
AmdCpmPkg\Include\AmdCpmPlatform.h
AmdCpmPkg\Include\AmdCpmSmm.h
AmdCpmPkg\Include\OptionCpuInstall.h
AmdCpmPkg\Include\Protocol\Protocol.cif

AmdCpmPkg\Library\Proc\Cpu\AmdCpmCpu.c
AmdCpmPkg\Library\Proc\Fch\AmdCpmFch.c

AmiAgesaWrapperPkg\AmiApcbGen\AmiApcbGen.sdl
AmiChipsetModulePkg\Library\SbSerialPortLib\SbSerialPortLib.c

AmiCpuPkg\CPU\Dxe\CpuDxe.c
AmiCpuPkg\CPU\Dxe\CpuMpDxe.c
AmiCpuPkg\CPU\Pei\CpuPei.c
AmiCpuPkg\CPU\Sec\SecMain.c
AmiCpuPkg\CPU\Sec\Startup32.asm

AmiModulePkg\Flash\SPI\Taishan\SPIFlash.c
AmiModulePkg\Include\Library\AmiUsbLibInclude.cif
AmiModulePkg\Include\Library\AmiUsbSmmGlobalDataValidationLib.h
AmiModulePkg\Include\Library\DxeSmmUsbSbLib.h
AmiModulePkg\Include\Ppi\UsbPeiPpi.cif
AmiModulePkg\LegacySerialRedirection\LegacySredir.c
AmiModulePkg\LegacySerialRedirection\LegacySredir.inf

AmiModulePkg\Usb\AmiUsb.cif
AmiModulePkg\Usb\AmiUsbHc.c
AmiModulePkg\Usb\AmiUsbLib\AmiUsbLib.cif
AmiModulePkg\Usb\AmiUsbLib\AmiUsbLib.sdl
AmiModulePkg\Usb\AmiUsbLib\AmiUsbSmmGlobalDataValidationLib.c
AmiModulePkg\Usb\AmiUsbLib\AmiUsbSmmGlobalDataValidationLib.inf
AmiModulePkg\Usb\AmiUsbSmartCardReader.h
AmiModulePkg\Usb\ComponentName.c
AmiModulePkg\Usb\ComponentName.h
AmiModulePkg\Usb\DxeSmmUsbSbLib.inf
AmiModulePkg\Usb\EfiUsbCcid.c
AmiModulePkg\Usb\EfiUsbHid.c
AmiModulePkg\Usb\EfiUsbKb.c
AmiModulePkg\Usb\EfiUsbKb.h
AmiModulePkg\Usb\EfiUsbMass.c
AmiModulePkg\Usb\EfiUsbMs.c
AmiModulePkg\Usb\EfiUsbPoint.c
AmiModulePkg\Usb\Framework.cif
AmiModulePkg\Usb\Int13\UsbBbs.c
AmiModulePkg\Usb\Int13\UsbBbs.inf
AmiModulePkg\Usb\Int13\UsbI13Bin.cif
AmiModulePkg\Usb\Int13\UsbInt13.c
AmiModulePkg\Usb\Int13\UsbInt13.cif
AmiModulePkg\Usb\Int13\UsbInt13.h
AmiModulePkg\Usb\Int13\UsbInt13.inf
AmiModulePkg\Usb\Pei\Atapi.h
AmiModulePkg\Usb\Pei\BotPeim.c
AmiModulePkg\Usb\Pei\BotPeim.h
AmiModulePkg\Usb\Pei\HubPeim.c
AmiModulePkg\Usb\Pei\PeiAtapi.c
AmiModulePkg\Usb\Pei\PeiUsbLib.c
AmiModulePkg\Usb\Pei\PeiXhci.c
AmiModulePkg\Usb\Pei\PeiXhci.h
AmiModulePkg\Usb\Pei\UhcPeim.c
AmiModulePkg\Usb\Pei\UhcPeim.h
AmiModulePkg\Usb\Pei\UsbBotPeim.c
AmiModulePkg\Usb\Pei\UsbBotPeim.h
AmiModulePkg\Usb\Pei\UsbIoPeim.c
AmiModulePkg\Usb\Pei\UsbPei.c
AmiModulePkg\Usb\Pei\UsbPei.cif
AmiModulePkg\Usb\Pei\UsbPei.h
AmiModulePkg\Usb\Pei\UsbPei.inf
AmiModulePkg\Usb\Pei\UsbPei.sdl
AmiModulePkg\Usb\Pei\UsbPeim.c
AmiModulePkg\Usb\Rt\AmiDef.h
AmiModulePkg\Usb\Rt\AmiUsb.c
AmiModulePkg\Usb\Rt\AmiUsb.h
AmiModulePkg\Usb\Rt\AmiUsbRtCcid.h
AmiModulePkg\Usb\Rt\Ehci.c
AmiModulePkg\Usb\Rt\Ehci.h
AmiModulePkg\Usb\Rt\Elib.c
AmiModulePkg\Usb\Rt\Ohci.c
AmiModulePkg\Usb\Rt\Ohci.h
AmiModulePkg\Usb\Rt\SysKbc.c
AmiModulePkg\Usb\Rt\SysNoKbc.c
AmiModulePkg\Usb\Rt\Uhci.c
AmiModulePkg\Usb\Rt\Uhci.h
AmiModulePkg\Usb\Rt\Usb.c
AmiModulePkg\Usb\Rt\UsbCcid.c
AmiModulePkg\Usb\Rt\UsbDef.h
AmiModulePkg\Usb\Rt\UsbHid.c
AmiModulePkg\Usb\Rt\UsbHub.c
AmiModulePkg\Usb\Rt\UsbKbd.c
AmiModulePkg\Usb\Rt\UsbKbd.h
AmiModulePkg\Usb\Rt\UsbMass.c
AmiModulePkg\Usb\Rt\UsbMass.h
AmiModulePkg\Usb\Rt\UsbMs.c
AmiModulePkg\Usb\Rt\UsbPoint.c
AmiModulePkg\Usb\Rt\UsbRt.cif
AmiModulePkg\Usb\Rt\Xhci.c
AmiModulePkg\Usb\Rt\Xhci.h
AmiModulePkg\Usb\Setup\Usb.sd
AmiModulePkg\Usb\Setup\Usb.uni
AmiModulePkg\Usb\Setup\UsbSetup.c
AmiModulePkg\Usb\Setup\UsbSetup.cif
AmiModulePkg\Usb\Tree.c
AmiModulePkg\Usb\Tree.h
AmiModulePkg\Usb\Uhcd.c
AmiModulePkg\Usb\Uhcd.cif
AmiModulePkg\Usb\Uhcd.h
AmiModulePkg\Usb\Usb.chm
AmiModulePkg\Usb\Usb.sdl
AmiModulePkg\Usb\UsbBus.c
AmiModulePkg\Usb\UsbBus.h
AmiModulePkg\Usb\UsbIrq.c
AmiModulePkg\Usb\UsbIrq.csm16
AmiModulePkg\Usb\UsbIrq.h
AmiModulePkg\Usb\UsbIrq.inf
AmiModulePkg\Usb\UsbLegacy.cif
AmiModulePkg\Usb\UsbMisc.c
AmiModulePkg\Usb\UsbPort.c
AmiModulePkg\Usb\UsbSb.c
AmiModulePkg\Usb\UsbSrc.sdl

AmiPspPkg\AmiPsp.mak
AmiPspPkg\AmiPspPkg.sdl
AmiPspPkg\PspLayout\PspBlockSetting.sdl
AmiPspPkg\PspLayout\PspCombo.sdl
AmiPspPkg\PspLayout\PspCommon.sdl
AmiPspPkg\PspLayout\PspLayout.cif
AmiPspPkg\PspLayout\SOC0\BuildPspCsvSoc0.txt
AmiPspPkg\PspLayout\SOC0\BuildPspCsvSoc0_D2.txt
AmiPspPkg\PspLayout\SOC0\BuildPspSoc0.txt
AmiPspPkg\PspLayout\SOC0\BuildPspSoc0_D2.txt
AmiPspPkg\PspLayout\SOC0\BuildPspTpcmSoc0.txt
AmiPspPkg\PspLayout\SOC0\BuildPspTpcmSoc0_D2.txt
AmiPspPkg\PspLayout\SOC0\PspLayoutSoc0.sdl
AmiPspPkg\PspLayout\SOC0\SOC0.cif
AmiPspPkg\PspLayout\SOC1\BuildPspCsvSoc1.txt
AmiPspPkg\PspLayout\SOC1\BuildPspSoc1.txt
AmiPspPkg\PspLayout\SOC1\BuildPspTpcmSoc1.txt
AmiPspPkg\PspLayout\SOC1\PspLayoutSoc1.sdl

AmiPspPkg\PspSetup\PspSetup.c
AmiPspPkg\PspSetup\PspSetup.uni
DhyanaCrb.sdl
DhyanaCrb.veb
DhyanaPkg\Crb.sdl
DhyanaPkg\Csp.sdl

DhyanaPkg\DhyanaPkg.cif
DhyanaPkg\Smm\CrbSmi.c
HONGHAIA1b\HONGHAIA1b.sdl
HonghaiDM1\HonghaiDM1.sdl
HygonCRBReleaseNotes.txt
HygonDM1SLT\HygonDM1SLT.sdl
MdeModulePkg\MdeModulePkg.dec