
AgesaModulePkg\Firmwares\H1\DNMcm_ES\APCB_DN_D4.bin
AgesaModulePkg\Firmwares\H1\DNMcm_ES\APCB_UDIMM_AM4.bin
AgesaModulePkg\Firmwares\H1\DNMcm_ES\APOB_NV_DN.bin
AgesaModulePkg\Firmwares\H1\DNMcm_ES\AblPostCode.h
AgesaModulePkg\Firmwares\H1\DNMcm_ES\AgesaBLReleaseNotes_MCM.txt
AgesaModulePkg\Firmwares\H1\DNMcm_ES\AgesaBootloader0_prod_Mcm_DN.esbin
AgesaModulePkg\Firmwares\H1\DNMcm_ES\AgesaBootloader1_prod_Mcm_DN.esbin
AgesaModulePkg\Firmwares\H1\DNMcm_ES\AgesaBootloader2_prod_Mcm_DN.esbin
AgesaModulePkg\Firmwares\H1\DNMcm_ES\AgesaBootloader3_prod_Mcm_DN.esbin
AgesaModulePkg\Firmwares\H1\DNMcm_ES\AgesaBootloader4_prod_Mcm_DN.esbin
AgesaModulePkg\Firmwares\H1\DNMcm_ES\AgesaBootloader5_prod_Mcm_DN.esbin
AgesaModulePkg\Firmwares\H1\DNMcm_ES\AgesaBootloader6_prod_Mcm_DN.esbin
AgesaModulePkg\Firmwares\H1\DNMcm_ES\Appb_Dn_1D_Ddr4_Lrdimm_Dmem_Mcm.esbin
AgesaModulePkg\Firmwares\H1\DNMcm_ES\Appb_Dn_1D_Ddr4_Lrdimm_Imem_Mcm.esbin
AgesaModulePkg\Firmwares\H1\DNMcm_ES\Appb_Dn_1D_Ddr4_Rdimm_Dmem_Mcm.esbin
AgesaModulePkg\Firmwares\H1\DNMcm_ES\Appb_Dn_1D_Ddr4_Rdimm_Imem_Mcm.esbin
AgesaModulePkg\Firmwares\H1\DNMcm_ES\Appb_Dn_1D_Ddr4_Udimm_Dmem_Mcm.esbin
AgesaModulePkg\Firmwares\H1\DNMcm_ES\Appb_Dn_1D_Ddr4_Udimm_Imem_Mcm.esbin
AgesaModulePkg\Firmwares\H1\DNMcm_ES\Appb_Dn_2D_Ddr4_Dmem_Mcm.esbin
AgesaModulePkg\Firmwares\H1\DNMcm_ES\Appb_Dn_2D_Ddr4_Imem_Mcm.esbin
AgesaModulePkg\Firmwares\H1\DNMcm_ES\CoreMceEmptyData.bin
AgesaModulePkg\Firmwares\H1\DNMcm_ES\DNMcm.cif
AgesaModulePkg\Firmwares\H1\DNMcm_ES\DebugUnlock_DN.esbin
AgesaModulePkg\Firmwares\H1\DNMcm_ES\HtTpcmReleaseNotes_H1.txt
AgesaModulePkg\Firmwares\H1\DNMcm_ES\HygonPubKeyDN.bin
AgesaModulePkg\Firmwares\H1\DNMcm_ES\PSP_ReleaseNotes_DnSp3Sp4.txt
AgesaModulePkg\Firmwares\H1\DNMcm_ES\PspBLErrorCode.csv
AgesaModulePkg\Firmwares\H1\DNMcm_ES\PspBootLoader_prod_DnSp3Sp4.esbin
AgesaModulePkg\Firmwares\H1\DNMcm_ES\PspIkekDN.bin
AgesaModulePkg\Firmwares\H1\DNMcm_ES\PspRecoveryBootLoader_prod_DNSp3Sp4.esbin
AgesaModulePkg\Firmwares\H1\DNMcm_ES\PspSecureFw.bin
AgesaModulePkg\Firmwares\H1\DNMcm_ES\PspSecureFwData.bin
AgesaModulePkg\Firmwares\H1\DNMcm_ES\PspSevEmptyData.bin
AgesaModulePkg\Firmwares\H1\DNMcm_ES\PspSevUapp.sbin
AgesaModulePkg\Firmwares\H1\DNMcm_ES\PspTpcmFw.bin
AgesaModulePkg\Firmwares\H1\DNMcm_ES\RsmuSecurityPolicy_DN.esbin
AgesaModulePkg\Firmwares\H1\DNMcm_ES\SecureEmptyToken.bin
AgesaModulePkg\Firmwares\H1\DNMcm_ES\SmuFirmware2McmDN.esbin
AgesaModulePkg\Firmwares\H1\DNMcm_ES\SmuFirmwareMcmDN.esbin
AgesaModulePkg\Firmwares\H1\DNMcm_ES\SmuReleaseNotesMcm.txt
AgesaModulePkg\Firmwares\H1\DNMcm_ES\UcodePatch_DN_Ax.esbin
AgesaModulePkg\Firmwares\H1\DNMcm_ES\UcodePatch_DN_B0.esbin
AgesaModulePkg\Firmwares\H1\DNMcm_ES\UcodePatch_DN_B1.esbin
AgesaModulePkg\Firmwares\H1\DNMcm_ES\UcodePatch_MT.bin
AgesaModulePkg\Firmwares\H1\DNMcm_ES\bl_syscall.h
AgesaModulePkg\Firmwares\H1\DNMcm_MP\APCB_DN_D4.bin
AgesaModulePkg\Firmwares\H1\DNMcm_MP\APOB_NV_DN.bin
AgesaModulePkg\Firmwares\H1\DNMcm_MP\AblPostCode.h
AgesaModulePkg\Firmwares\H1\DNMcm_MP\AgesaBLReleaseNotes_MCM.txt
AgesaModulePkg\Firmwares\H1\DNMcm_MP\AgesaBootloader0_prod_Mcm_DN.esbin
AgesaModulePkg\Firmwares\H1\DNMcm_MP\AgesaBootloader1_prod_Mcm_DN.esbin
AgesaModulePkg\Firmwares\H1\DNMcm_MP\AgesaBootloader2_prod_Mcm_DN.esbin
AgesaModulePkg\Firmwares\H1\DNMcm_MP\AgesaBootloader3_prod_Mcm_DN.esbin
AgesaModulePkg\Firmwares\H1\DNMcm_MP\AgesaBootloader4_prod_Mcm_DN.esbin
AgesaModulePkg\Firmwares\H1\DNMcm_MP\AgesaBootloader5_prod_Mcm_DN.esbin
AgesaModulePkg\Firmwares\H1\DNMcm_MP\AgesaBootloader6_prod_Mcm_DN.esbin
AgesaModulePkg\Firmwares\H1\DNMcm_MP\Appb_Dn_1D_Ddr4_Lrdimm_Dmem_Mcm.esbin
AgesaModulePkg\Firmwares\H1\DNMcm_MP\Appb_Dn_1D_Ddr4_Lrdimm_Imem_Mcm.esbin
AgesaModulePkg\Firmwares\H1\DNMcm_MP\Appb_Dn_1D_Ddr4_Rdimm_Dmem_Mcm.esbin
AgesaModulePkg\Firmwares\H1\DNMcm_MP\Appb_Dn_1D_Ddr4_Rdimm_Imem_Mcm.esbin
AgesaModulePkg\Firmwares\H1\DNMcm_MP\Appb_Dn_1D_Ddr4_Udimm_Dmem_Mcm.esbin
AgesaModulePkg\Firmwares\H1\DNMcm_MP\Appb_Dn_1D_Ddr4_Udimm_Imem_Mcm.esbin
AgesaModulePkg\Firmwares\H1\DNMcm_MP\Appb_Dn_2D_Ddr4_Dmem_Mcm.esbin
AgesaModulePkg\Firmwares\H1\DNMcm_MP\Appb_Dn_2D_Ddr4_Imem_Mcm.esbin
AgesaModulePkg\Firmwares\H1\DNMcm_MP\CoreMceEmptyData.bin
AgesaModulePkg\Firmwares\H1\DNMcm_MP\DNMcm.cif
AgesaModulePkg\Firmwares\H1\DNMcm_MP\DebugUnlock_DN.esbin
AgesaModulePkg\Firmwares\H1\DNMcm_MP\HtTpcmReleaseNotes_H1.txt
AgesaModulePkg\Firmwares\H1\DNMcm_MP\HygonPubKeyDN.bin
AgesaModulePkg\Firmwares\H1\DNMcm_MP\PSP_ReleaseNotes_DnSp3Sp4.txt
AgesaModulePkg\Firmwares\H1\DNMcm_MP\PspBLErrorCode.csv
AgesaModulePkg\Firmwares\H1\DNMcm_MP\PspBootLoader_prod_DnSp3Sp4.esbin
AgesaModulePkg\Firmwares\H1\DNMcm_MP\PspIkekDN.bin
AgesaModulePkg\Firmwares\H1\DNMcm_MP\PspRecoveryBootLoader_prod_DNSp3Sp4.esbin
AgesaModulePkg\Firmwares\H1\DNMcm_MP\PspSecureFw.bin
AgesaModulePkg\Firmwares\H1\DNMcm_MP\PspSecureFwData.bin
AgesaModulePkg\Firmwares\H1\DNMcm_MP\PspSevEmptyData.bin
AgesaModulePkg\Firmwares\H1\DNMcm_MP\PspSevUapp.sbin
AgesaModulePkg\Firmwares\H1\DNMcm_MP\PspTpcmFw.bin
AgesaModulePkg\Firmwares\H1\DNMcm_MP\RsmuSecurityPolicy_DN.esbin
AgesaModulePkg\Firmwares\H1\DNMcm_MP\SecureEmptyToken.bin
AgesaModulePkg\Firmwares\H1\DNMcm_MP\SmuFirmware2McmDN.esbin
AgesaModulePkg\Firmwares\H1\DNMcm_MP\SmuFirmwareMcmDN.esbin
AgesaModulePkg\Firmwares\H1\DNMcm_MP\SmuReleaseNotesMcm.txt
AgesaModulePkg\Firmwares\H1\DNMcm_MP\UcodePatch_DN_Ax.esbin
AgesaModulePkg\Firmwares\H1\DNMcm_MP\UcodePatch_DN_B0.esbin
AgesaModulePkg\Firmwares\H1\DNMcm_MP\UcodePatch_DN_B1.esbin
AgesaModulePkg\Firmwares\H1\DNMcm_MP\UcodePatch_MT.bin
AgesaModulePkg\Firmwares\H1\DNMcm_MP\bl_syscall.h
AgesaModulePkg\Firmwares\H1\H1.cif
AgesaModulePkg\Firmwares\H2\DNMcm_ES\APOB_NV_DN.bin
AgesaModulePkg\Firmwares\H2\DNMcm_ES\AblPostCode.h
AgesaModulePkg\Firmwares\H2\DNMcm_ES\AgesaBLReleaseNotes_MCM.txt
AgesaModulePkg\Firmwares\H2\DNMcm_ES\AgesaBootloader0_prod_Mcm_DN.esbin
AgesaModulePkg\Firmwares\H2\DNMcm_ES\AgesaBootloader1_prod_Mcm_DN.esbin
AgesaModulePkg\Firmwares\H2\DNMcm_ES\AgesaBootloader2_prod_Mcm_DN.esbin
AgesaModulePkg\Firmwares\H2\DNMcm_ES\AgesaBootloader3_prod_Mcm_DN.esbin
AgesaModulePkg\Firmwares\H2\DNMcm_ES\AgesaBootloader4_prod_Mcm_DN.esbin
AgesaModulePkg\Firmwares\H2\DNMcm_ES\AgesaBootloader5_prod_Mcm_DN.esbin
AgesaModulePkg\Firmwares\H2\DNMcm_ES\AgesaBootloader6_prod_Mcm_DN.esbin
AgesaModulePkg\Firmwares\H2\DNMcm_ES\Appb_Dn_1D_Ddr4_Lrdimm_Dmem_Mcm.esbin
AgesaModulePkg\Firmwares\H2\DNMcm_ES\Appb_Dn_1D_Ddr4_Lrdimm_Imem_Mcm.esbin
AgesaModulePkg\Firmwares\H2\DNMcm_ES\Appb_Dn_1D_Ddr4_Rdimm_Dmem_Mcm.esbin
AgesaModulePkg\Firmwares\H2\DNMcm_ES\Appb_Dn_1D_Ddr4_Rdimm_Imem_Mcm.esbin
AgesaModulePkg\Firmwares\H2\DNMcm_ES\Appb_Dn_1D_Ddr4_Udimm_Dmem_Mcm.esbin
AgesaModulePkg\Firmwares\H2\DNMcm_ES\Appb_Dn_1D_Ddr4_Udimm_Imem_Mcm.esbin
AgesaModulePkg\Firmwares\H2\DNMcm_ES\Appb_Dn_2D_Ddr4_Dmem_Mcm.esbin
AgesaModulePkg\Firmwares\H2\DNMcm_ES\Appb_Dn_2D_Ddr4_Imem_Mcm.esbin
AgesaModulePkg\Firmwares\H2\DNMcm_ES\CoreMceEmptyData.bin
AgesaModulePkg\Firmwares\H2\DNMcm_ES\DNMcm.cif
AgesaModulePkg\Firmwares\H2\DNMcm_ES\DebugUnlock_DN.esbin
AgesaModulePkg\Firmwares\H2\DNMcm_ES\HtTpcmReleaseNotes_H2.txt
AgesaModulePkg\Firmwares\H2\DNMcm_ES\HygonPubKeyDN.bin
AgesaModulePkg\Firmwares\H2\DNMcm_ES\Hygon_TPM_TCG_License_and_Notice
AgesaModulePkg\Firmwares\H2\DNMcm_ES\PSP_ReleaseNotes_DnSp3Sp4.txt
AgesaModulePkg\Firmwares\H2\DNMcm_ES\PspBLErrorCode.csv
AgesaModulePkg\Firmwares\H2\DNMcm_ES\PspBootLoader_prod_DnSp3Sp4.esbin
AgesaModulePkg\Firmwares\H2\DNMcm_ES\PspIkekDN.bin
AgesaModulePkg\Firmwares\H2\DNMcm_ES\PspRecoveryBootLoader_prod_DNSp3Sp4.esbin
AgesaModulePkg\Firmwares\H2\DNMcm_ES\PspSecureFw.bin
AgesaModulePkg\Firmwares\H2\DNMcm_ES\PspSecureFwData.bin
AgesaModulePkg\Firmwares\H2\DNMcm_ES\PspSevEmptyData.bin
AgesaModulePkg\Firmwares\H2\DNMcm_ES\PspSevUapp.sbin
AgesaModulePkg\Firmwares\H2\DNMcm_ES\PspTpcmFw.bin
AgesaModulePkg\Firmwares\H2\DNMcm_ES\RsmuSecurityPolicy_DN.esbin
AgesaModulePkg\Firmwares\H2\DNMcm_ES\SecureEmptyToken.bin
AgesaModulePkg\Firmwares\H2\DNMcm_ES\SecureFwReleaseNotes.txt
AgesaModulePkg\Firmwares\H2\DNMcm_ES\SmuFirmware2McmDN.esbin
AgesaModulePkg\Firmwares\H2\DNMcm_ES\SmuFirmwareMcmDN.esbin
AgesaModulePkg\Firmwares\H2\DNMcm_ES\SmuReleaseNotesMcm.txt
AgesaModulePkg\Firmwares\H2\DNMcm_ES\UcodePatch_DN_Ax.esbin
AgesaModulePkg\Firmwares\H2\DNMcm_ES\UcodePatch_DN_B0.esbin
AgesaModulePkg\Firmwares\H2\DNMcm_ES\UcodePatch_DN_B1.esbin
AgesaModulePkg\Firmwares\H2\DNMcm_ES\UcodePatch_MT.bin
AgesaModulePkg\Firmwares\H2\DNMcm_ES\bl_syscall.h
AgesaModulePkg\Firmwares\H2\DNMcm_ES\log_table
AgesaModulePkg\Firmwares\H2\DNMcm_MP\APCB_DN_D4.bin
AgesaModulePkg\Firmwares\H2\DNMcm_MP\APOB_NV_DN.bin
AgesaModulePkg\Firmwares\H2\DNMcm_MP\AblPostCode.h
AgesaModulePkg\Firmwares\H2\DNMcm_MP\AgesaBLReleaseNotes_MCM.txt
AgesaModulePkg\Firmwares\H2\DNMcm_MP\AgesaBootloader0_prod_Mcm_DN.esbin
AgesaModulePkg\Firmwares\H2\DNMcm_MP\AgesaBootloader1_prod_Mcm_DN.esbin
AgesaModulePkg\Firmwares\H2\DNMcm_MP\AgesaBootloader2_prod_Mcm_DN.esbin
AgesaModulePkg\Firmwares\H2\DNMcm_MP\AgesaBootloader3_prod_Mcm_DN.esbin
AgesaModulePkg\Firmwares\H2\DNMcm_MP\AgesaBootloader4_prod_Mcm_DN.esbin
AgesaModulePkg\Firmwares\H2\DNMcm_MP\AgesaBootloader5_prod_Mcm_DN.esbin
AgesaModulePkg\Firmwares\H2\DNMcm_MP\AgesaBootloader6_prod_Mcm_DN.esbin
AgesaModulePkg\Firmwares\H2\DNMcm_MP\Appb_Dn_1D_Ddr4_Lrdimm_Dmem_Mcm.esbin
AgesaModulePkg\Firmwares\H2\DNMcm_MP\Appb_Dn_1D_Ddr4_Lrdimm_Imem_Mcm.esbin
AgesaModulePkg\Firmwares\H2\DNMcm_MP\Appb_Dn_1D_Ddr4_Rdimm_Dmem_Mcm.esbin
AgesaModulePkg\Firmwares\H2\DNMcm_MP\Appb_Dn_1D_Ddr4_Rdimm_Imem_Mcm.esbin
AgesaModulePkg\Firmwares\H2\DNMcm_MP\Appb_Dn_1D_Ddr4_Udimm_Dmem_Mcm.esbin
AgesaModulePkg\Firmwares\H2\DNMcm_MP\Appb_Dn_1D_Ddr4_Udimm_Imem_Mcm.esbin
AgesaModulePkg\Firmwares\H2\DNMcm_MP\Appb_Dn_2D_Ddr4_Dmem_Mcm.esbin
AgesaModulePkg\Firmwares\H2\DNMcm_MP\Appb_Dn_2D_Ddr4_Imem_Mcm.esbin
AgesaModulePkg\Firmwares\H2\DNMcm_MP\CoreMceEmptyData.bin
AgesaModulePkg\Firmwares\H2\DNMcm_MP\DNMcm.cif
AgesaModulePkg\Firmwares\H2\DNMcm_MP\DebugUnlock_DN.esbin
AgesaModulePkg\Firmwares\H2\DNMcm_MP\HtTpcmReleaseNotes_H2.txt
AgesaModulePkg\Firmwares\H2\DNMcm_MP\HygonPubKeyDN.bin
AgesaModulePkg\Firmwares\H2\DNMcm_MP\Hygon_TPM_TCG_License_and_Notice
AgesaModulePkg\Firmwares\H2\DNMcm_MP\PSP_ReleaseNotes_DnSp3Sp4.txt
AgesaModulePkg\Firmwares\H2\DNMcm_MP\PspBLErrorCode.csv
AgesaModulePkg\Firmwares\H2\DNMcm_MP\PspBootLoader_prod_DnSp3Sp4.esbin
AgesaModulePkg\Firmwares\H2\DNMcm_MP\PspIkekDN.bin
AgesaModulePkg\Firmwares\H2\DNMcm_MP\PspRecoveryBootLoader_prod_DNSp3Sp4.esbin
AgesaModulePkg\Firmwares\H2\DNMcm_MP\PspSecureFw.bin
AgesaModulePkg\Firmwares\H2\DNMcm_MP\PspSecureFwData.bin
AgesaModulePkg\Firmwares\H2\DNMcm_MP\PspSevEmptyData.bin
AgesaModulePkg\Firmwares\H2\DNMcm_MP\PspSevUapp.sbin
AgesaModulePkg\Firmwares\H2\DNMcm_MP\PspTpcmFw.bin
AgesaModulePkg\Firmwares\H2\DNMcm_MP\RsmuSecurityPolicy_DN.esbin
AgesaModulePkg\Firmwares\H2\DNMcm_MP\SecureEmptyToken.bin
AgesaModulePkg\Firmwares\H2\DNMcm_MP\SecureFwReleaseNotes.txt
AgesaModulePkg\Firmwares\H2\DNMcm_MP\SmuFirmware2McmDN.esbin
AgesaModulePkg\Firmwares\H2\DNMcm_MP\SmuFirmwareMcmDN.esbin
AgesaModulePkg\Firmwares\H2\DNMcm_MP\SmuReleaseNotesMcm.txt
AgesaModulePkg\Firmwares\H2\DNMcm_MP\UcodePatch_DN_Ax.esbin
AgesaModulePkg\Firmwares\H2\DNMcm_MP\UcodePatch_DN_B0.esbin
AgesaModulePkg\Firmwares\H2\DNMcm_MP\UcodePatch_DN_B1.esbin
AgesaModulePkg\Firmwares\H2\DNMcm_MP\UcodePatch_MT.bin
AgesaModulePkg\Firmwares\H2\DNMcm_MP\bl_syscall.h
AgesaModulePkg\Firmwares\H2\DNMcm_MP\log_table
AgesaModulePkg\Firmwares\H2\H2.cif
AgesaModulePkg\Firmwares\H3\DNMcm_ES\APCB_DN_D4.bin
AgesaModulePkg\Firmwares\H3\DNMcm_ES\APOB_NV_DN.bin
AgesaModulePkg\Firmwares\H3\DNMcm_ES\AblPostCode.h
AgesaModulePkg\Firmwares\H3\DNMcm_ES\AgesaBLReleaseNotes_MCM.txt
AgesaModulePkg\Firmwares\H3\DNMcm_ES\AgesaBootloader0_prod_Mcm_DN.esbin
AgesaModulePkg\Firmwares\H3\DNMcm_ES\AgesaBootloader1_prod_Mcm_DN.esbin
AgesaModulePkg\Firmwares\H3\DNMcm_ES\AgesaBootloader2_prod_Mcm_DN.esbin
AgesaModulePkg\Firmwares\H3\DNMcm_ES\AgesaBootloader3_prod_Mcm_DN.esbin
AgesaModulePkg\Firmwares\H3\DNMcm_ES\AgesaBootloader4_prod_Mcm_DN.esbin
AgesaModulePkg\Firmwares\H3\DNMcm_ES\AgesaBootloader5_prod_Mcm_DN.esbin
AgesaModulePkg\Firmwares\H3\DNMcm_ES\AgesaBootloader6_prod_Mcm_DN.esbin
AgesaModulePkg\Firmwares\H3\DNMcm_ES\Appb_Dn_1D_Ddr4_Lrdimm_Dmem_Mcm.esbin
AgesaModulePkg\Firmwares\H3\DNMcm_ES\Appb_Dn_1D_Ddr4_Lrdimm_Imem_Mcm.esbin
AgesaModulePkg\Firmwares\H3\DNMcm_ES\Appb_Dn_1D_Ddr4_Rdimm_Dmem_Mcm.esbin
AgesaModulePkg\Firmwares\H3\DNMcm_ES\Appb_Dn_1D_Ddr4_Rdimm_Imem_Mcm.esbin
AgesaModulePkg\Firmwares\H3\DNMcm_ES\Appb_Dn_1D_Ddr4_Udimm_Dmem_Mcm.esbin
AgesaModulePkg\Firmwares\H3\DNMcm_ES\Appb_Dn_1D_Ddr4_Udimm_Imem_Mcm.esbin
AgesaModulePkg\Firmwares\H3\DNMcm_ES\Appb_Dn_2D_Ddr4_Dmem_Mcm.esbin
AgesaModulePkg\Firmwares\H3\DNMcm_ES\Appb_Dn_2D_Ddr4_Imem_Mcm.esbin
AgesaModulePkg\Firmwares\H3\DNMcm_ES\CoreMceEmptyData.bin
AgesaModulePkg\Firmwares\H3\DNMcm_ES\DNMcm.cif
AgesaModulePkg\Firmwares\H3\DNMcm_ES\DebugUnlock_DN.esbin
AgesaModulePkg\Firmwares\H3\DNMcm_ES\HtTpcmReleaseNotes_H3.txt
AgesaModulePkg\Firmwares\H3\DNMcm_ES\HygonPubKeyDN.bin
AgesaModulePkg\Firmwares\H3\DNMcm_ES\Hygon_TPM_TCG_License_and_Notice
AgesaModulePkg\Firmwares\H3\DNMcm_ES\PSP_ReleaseNotes_DnSp3Sp4.txt
AgesaModulePkg\Firmwares\H3\DNMcm_ES\PspBLErrorCode.csv
AgesaModulePkg\Firmwares\H3\DNMcm_ES\PspBootLoader_prod_DnSp3Sp4.esbin
AgesaModulePkg\Firmwares\H3\DNMcm_ES\PspIkekDN.bin
AgesaModulePkg\Firmwares\H3\DNMcm_ES\PspRecoveryBootLoader_prod_DNSp3Sp4.esbin
AgesaModulePkg\Firmwares\H3\DNMcm_ES\PspSecureFw.bin
AgesaModulePkg\Firmwares\H3\DNMcm_ES\PspSecureFwData.bin
AgesaModulePkg\Firmwares\H3\DNMcm_ES\PspSevEmptyData.bin
AgesaModulePkg\Firmwares\H3\DNMcm_ES\PspSevUapp.sbin
AgesaModulePkg\Firmwares\H3\DNMcm_ES\PspTpcmFw.bin
AgesaModulePkg\Firmwares\H3\DNMcm_ES\RsmuSecurityPolicy_DN.esbin
AgesaModulePkg\Firmwares\H3\DNMcm_ES\SecureEmptyToken.bin
AgesaModulePkg\Firmwares\H3\DNMcm_ES\SecureFwReleaseNotes.txt
AgesaModulePkg\Firmwares\H3\DNMcm_ES\SmuFirmware2McmDN.esbin
AgesaModulePkg\Firmwares\H3\DNMcm_ES\SmuFirmwareMcmDN.esbin
AgesaModulePkg\Firmwares\H3\DNMcm_ES\SmuReleaseNotesMcm.txt
AgesaModulePkg\Firmwares\H3\DNMcm_ES\UcodePatch_DN_Ax.esbin
AgesaModulePkg\Firmwares\H3\DNMcm_ES\UcodePatch_DN_B0.esbin
AgesaModulePkg\Firmwares\H3\DNMcm_ES\UcodePatch_DN_B1.esbin
AgesaModulePkg\Firmwares\H3\DNMcm_ES\UcodePatch_DN_C0.esbin
AgesaModulePkg\Firmwares\H3\DNMcm_ES\UcodePatch_DN_C1.esbin
AgesaModulePkg\Firmwares\H3\DNMcm_ES\UcodePatch_DN_C2.esbin
AgesaModulePkg\Firmwares\H3\DNMcm_ES\UcodePatch_MT.bin
AgesaModulePkg\Firmwares\H3\DNMcm_ES\bl_syscall.h
AgesaModulePkg\Firmwares\H3\DNMcm_ES\dwc_e25mp_phy.bin
AgesaModulePkg\Firmwares\H3\DNMcm_ES\log_table
AgesaModulePkg\Firmwares\H3\DNMcm_MP\APCB_DN_D4.bin
AgesaModulePkg\Firmwares\H3\DNMcm_MP\APOB_NV_DN.bin
AgesaModulePkg\Firmwares\H3\DNMcm_MP\AblPostCode.h
AgesaModulePkg\Firmwares\H3\DNMcm_MP\AgesaBLReleaseNotes_MCM.txt
AgesaModulePkg\Firmwares\H3\DNMcm_MP\AgesaBootloader0_prod_Mcm_DN.esbin
AgesaModulePkg\Firmwares\H3\DNMcm_MP\AgesaBootloader1_prod_Mcm_DN.esbin
AgesaModulePkg\Firmwares\H3\DNMcm_MP\AgesaBootloader2_prod_Mcm_DN.esbin
AgesaModulePkg\Firmwares\H3\DNMcm_MP\AgesaBootloader3_prod_Mcm_DN.esbin
AgesaModulePkg\Firmwares\H3\DNMcm_MP\AgesaBootloader4_prod_Mcm_DN.esbin
AgesaModulePkg\Firmwares\H3\DNMcm_MP\AgesaBootloader5_prod_Mcm_DN.esbin
AgesaModulePkg\Firmwares\H3\DNMcm_MP\AgesaBootloader6_prod_Mcm_DN.esbin
AgesaModulePkg\Firmwares\H3\DNMcm_MP\Appb_Dn_1D_Ddr4_Lrdimm_Dmem_Mcm.esbin
AgesaModulePkg\Firmwares\H3\DNMcm_MP\Appb_Dn_1D_Ddr4_Lrdimm_Imem_Mcm.esbin
AgesaModulePkg\Firmwares\H3\DNMcm_MP\Appb_Dn_1D_Ddr4_Rdimm_Dmem_Mcm.esbin
AgesaModulePkg\Firmwares\H3\DNMcm_MP\Appb_Dn_1D_Ddr4_Rdimm_Imem_Mcm.esbin
AgesaModulePkg\Firmwares\H3\DNMcm_MP\Appb_Dn_1D_Ddr4_Udimm_Dmem_Mcm.esbin
AgesaModulePkg\Firmwares\H3\DNMcm_MP\Appb_Dn_1D_Ddr4_Udimm_Imem_Mcm.esbin
AgesaModulePkg\Firmwares\H3\DNMcm_MP\Appb_Dn_2D_Ddr4_Dmem_Mcm.esbin
AgesaModulePkg\Firmwares\H3\DNMcm_MP\Appb_Dn_2D_Ddr4_Imem_Mcm.esbin
AgesaModulePkg\Firmwares\H3\DNMcm_MP\CoreMceEmptyData.bin
AgesaModulePkg\Firmwares\H3\DNMcm_MP\DNMcm.cif
AgesaModulePkg\Firmwares\H3\DNMcm_MP\DebugUnlock_DN.esbin
AgesaModulePkg\Firmwares\H3\DNMcm_MP\HtTpcmReleaseNotes_H3.txt
AgesaModulePkg\Firmwares\H3\DNMcm_MP\HygonPubKeyDN.bin
AgesaModulePkg\Firmwares\H3\DNMcm_MP\Hygon_TPM_TCG_License_and_Notice
AgesaModulePkg\Firmwares\H3\DNMcm_MP\PSP_ReleaseNotes_DnSp3Sp4.txt
AgesaModulePkg\Firmwares\H3\DNMcm_MP\PspBLErrorCode.csv
AgesaModulePkg\Firmwares\H3\DNMcm_MP\PspBootLoader_prod_DnSp3Sp4.esbin
AgesaModulePkg\Firmwares\H3\DNMcm_MP\PspIkekDN.bin
AgesaModulePkg\Firmwares\H3\DNMcm_MP\PspRecoveryBootLoader_prod_DNSp3Sp4.esbin
AgesaModulePkg\Firmwares\H3\DNMcm_MP\PspSecureFw.bin
AgesaModulePkg\Firmwares\H3\DNMcm_MP\PspSecureFwData.bin
AgesaModulePkg\Firmwares\H3\DNMcm_MP\PspSevEmptyData.bin
AgesaModulePkg\Firmwares\H3\DNMcm_MP\PspSevUapp.sbin
AgesaModulePkg\Firmwares\H3\DNMcm_MP\PspTpcmFw.bin
AgesaModulePkg\Firmwares\H3\DNMcm_MP\RsmuSecurityPolicy_DN.esbin
AgesaModulePkg\Firmwares\H3\DNMcm_MP\SecureEmptyToken.bin
AgesaModulePkg\Firmwares\H3\DNMcm_MP\SecureFwReleaseNotes.txt
AgesaModulePkg\Firmwares\H3\DNMcm_MP\SmuFirmware2McmDN.esbin
AgesaModulePkg\Firmwares\H3\DNMcm_MP\SmuFirmwareMcmDN.esbin
AgesaModulePkg\Firmwares\H3\DNMcm_MP\SmuReleaseNotesMcm.txt
AgesaModulePkg\Firmwares\H3\DNMcm_MP\UcodePatch_DN_Ax.esbin
AgesaModulePkg\Firmwares\H3\DNMcm_MP\UcodePatch_DN_B0.esbin
AgesaModulePkg\Firmwares\H3\DNMcm_MP\UcodePatch_DN_B1.esbin
AgesaModulePkg\Firmwares\H3\DNMcm_MP\UcodePatch_DN_C0.esbin
AgesaModulePkg\Firmwares\H3\DNMcm_MP\UcodePatch_DN_C1.esbin
AgesaModulePkg\Firmwares\H3\DNMcm_MP\UcodePatch_DN_C2.esbin
AgesaModulePkg\Firmwares\H3\DNMcm_MP\UcodePatch_MT.bin
AgesaModulePkg\Firmwares\H3\DNMcm_MP\bl_syscall.h
AgesaModulePkg\Firmwares\H3\DNMcm_MP\dwc_e25mp_phy.bin
AgesaModulePkg\Firmwares\H3\DNMcm_MP\log_table
AgesaModulePkg\Firmwares\H3\H3.cif
AgesaModulePkg\Firmwares\H4\DNMcm_ES\APCB_DN_D4.bin
AgesaModulePkg\Firmwares\H4\DNMcm_ES\APOB_NV_DN.bin
AgesaModulePkg\Firmwares\H4\DNMcm_ES\AblPostCode.h
AgesaModulePkg\Firmwares\H4\DNMcm_ES\AgesaBLReleaseNotes_MCM.txt
AgesaModulePkg\Firmwares\H4\DNMcm_ES\AgesaBootloader_prod_Mcm_DN.esbin
AgesaModulePkg\Firmwares\H4\DNMcm_ES\Appb_Dn_1D_Ddr4_Lrdimm_Dmem_Mcm.esbin
AgesaModulePkg\Firmwares\H4\DNMcm_ES\Appb_Dn_1D_Ddr4_Lrdimm_Imem_Mcm.esbin
AgesaModulePkg\Firmwares\H4\DNMcm_ES\Appb_Dn_1D_Ddr4_Rdimm_Dmem_Mcm.esbin
AgesaModulePkg\Firmwares\H4\DNMcm_ES\Appb_Dn_1D_Ddr4_Rdimm_Imem_Mcm.esbin
AgesaModulePkg\Firmwares\H4\DNMcm_ES\Appb_Dn_1D_Ddr4_Udimm_Dmem_Mcm.esbin
AgesaModulePkg\Firmwares\H4\DNMcm_ES\Appb_Dn_1D_Ddr4_Udimm_Imem_Mcm.esbin
AgesaModulePkg\Firmwares\H4\DNMcm_ES\Appb_Dn_2D_Ddr4_Lrdimm_Dmem_Mcm.esbin
AgesaModulePkg\Firmwares\H4\DNMcm_ES\Appb_Dn_2D_Ddr4_Lrdimm_Imem_Mcm.esbin
AgesaModulePkg\Firmwares\H4\DNMcm_ES\Appb_Dn_2D_Ddr4_Rdimm_Dmem_Mcm.esbin
AgesaModulePkg\Firmwares\H4\DNMcm_ES\Appb_Dn_2D_Ddr4_Rdimm_Imem_Mcm.esbin
AgesaModulePkg\Firmwares\H4\DNMcm_ES\Appb_Dn_2D_Ddr4_Udimm_Dmem_Mcm.esbin
AgesaModulePkg\Firmwares\H4\DNMcm_ES\Appb_Dn_2D_Ddr4_Udimm_Imem_Mcm.esbin
AgesaModulePkg\Firmwares\H4\DNMcm_ES\CoreMceEmptyData.bin
AgesaModulePkg\Firmwares\H4\DNMcm_ES\DNMcm.cif
AgesaModulePkg\Firmwares\H4\DNMcm_ES\DebugUnlock_DN.esbin
AgesaModulePkg\Firmwares\H4\DNMcm_ES\HtTpcmReleaseNotes_H4.txt
AgesaModulePkg\Firmwares\H4\DNMcm_ES\HygonPubKeyDN.bin
AgesaModulePkg\Firmwares\H4\DNMcm_ES\Hygon_TPM_TCG_License_and_Notice
AgesaModulePkg\Firmwares\H4\DNMcm_ES\PSP_ReleaseNotes_DnSp3Sp4.txt
AgesaModulePkg\Firmwares\H4\DNMcm_ES\PspBLErrorCode.csv
AgesaModulePkg\Firmwares\H4\DNMcm_ES\PspBootLoader_prod_DnSp3Sp4.esbin
AgesaModulePkg\Firmwares\H4\DNMcm_ES\PspIkekDN.bin
AgesaModulePkg\Firmwares\H4\DNMcm_ES\PspRecoveryBootLoader_prod_DNSp3Sp4.esbin
AgesaModulePkg\Firmwares\H4\DNMcm_ES\PspSecureFw.bin
AgesaModulePkg\Firmwares\H4\DNMcm_ES\PspSecureFwData.bin
AgesaModulePkg\Firmwares\H4\DNMcm_ES\PspSevEmptyData.bin
AgesaModulePkg\Firmwares\H4\DNMcm_ES\PspSevUapp.sbin
AgesaModulePkg\Firmwares\H4\DNMcm_ES\PspTpcmFw.bin
AgesaModulePkg\Firmwares\H4\DNMcm_ES\RsmuSecurityPolicy_DN.esbin
AgesaModulePkg\Firmwares\H4\DNMcm_ES\SecureEmptyToken.bin
AgesaModulePkg\Firmwares\H4\DNMcm_ES\SecureFwReleaseNotes.txt
AgesaModulePkg\Firmwares\H4\DNMcm_ES\SmuFirmware2McmDN.esbin
AgesaModulePkg\Firmwares\H4\DNMcm_ES\SmuFirmwareMcmDN.esbin
AgesaModulePkg\Firmwares\H4\DNMcm_ES\SmuReleaseNotesMcm.txt
AgesaModulePkg\Firmwares\H4\DNMcm_ES\UcodePatch_DN_Ax.esbin
AgesaModulePkg\Firmwares\H4\DNMcm_ES\UcodePatch_DN_B0.esbin
AgesaModulePkg\Firmwares\H4\DNMcm_ES\UcodePatch_DN_B1.esbin
AgesaModulePkg\Firmwares\H4\DNMcm_ES\UcodePatch_DN_C0.esbin
AgesaModulePkg\Firmwares\H4\DNMcm_ES\UcodePatch_DN_C1.esbin
AgesaModulePkg\Firmwares\H4\DNMcm_ES\UcodePatch_DN_C2.esbin
AgesaModulePkg\Firmwares\H4\DNMcm_ES\UcodePatch_DN_D0.esbin
AgesaModulePkg\Firmwares\H4\DNMcm_ES\UcodePatch_DN_D1.esbin
AgesaModulePkg\Firmwares\H4\DNMcm_ES\UcodePatch_MT.bin
AgesaModulePkg\Firmwares\H4\DNMcm_ES\bl_syscall.h
AgesaModulePkg\Firmwares\H4\DNMcm_ES\dwc_e25mp_phy.bin
AgesaModulePkg\Firmwares\H4\DNMcm_ES\log_table
AgesaModulePkg\Firmwares\H4\DNMcm_MP\APCB_DN_D4.bin
AgesaModulePkg\Firmwares\H4\DNMcm_MP\APOB_NV_DN.bin
AgesaModulePkg\Firmwares\H4\DNMcm_MP\AblPostCode.h
AgesaModulePkg\Firmwares\H4\DNMcm_MP\AgesaBLReleaseNotes_MCM.txt
AgesaModulePkg\Firmwares\H4\DNMcm_MP\AgesaBootloader_prod_Mcm_DN.esbin
AgesaModulePkg\Firmwares\H4\DNMcm_MP\Appb_Dn_1D_Ddr4_Lrdimm_Dmem_Mcm.esbin
AgesaModulePkg\Firmwares\H4\DNMcm_MP\Appb_Dn_1D_Ddr4_Lrdimm_Imem_Mcm.esbin
AgesaModulePkg\Firmwares\H4\DNMcm_MP\Appb_Dn_1D_Ddr4_Rdimm_Dmem_Mcm.esbin
AgesaModulePkg\Firmwares\H4\DNMcm_MP\Appb_Dn_1D_Ddr4_Rdimm_Imem_Mcm.esbin
AgesaModulePkg\Firmwares\H4\DNMcm_MP\Appb_Dn_1D_Ddr4_Udimm_Dmem_Mcm.esbin
AgesaModulePkg\Firmwares\H4\DNMcm_MP\Appb_Dn_1D_Ddr4_Udimm_Imem_Mcm.esbin
AgesaModulePkg\Firmwares\H4\DNMcm_MP\Appb_Dn_2D_Ddr4_Lrdimm_Dmem_Mcm.esbin
AgesaModulePkg\Firmwares\H4\DNMcm_MP\Appb_Dn_2D_Ddr4_Lrdimm_Imem_Mcm.esbin
AgesaModulePkg\Firmwares\H4\DNMcm_MP\Appb_Dn_2D_Ddr4_Rdimm_Dmem_Mcm.esbin
AgesaModulePkg\Firmwares\H4\DNMcm_MP\Appb_Dn_2D_Ddr4_Rdimm_Imem_Mcm.esbin
AgesaModulePkg\Firmwares\H4\DNMcm_MP\Appb_Dn_2D_Ddr4_Udimm_Dmem_Mcm.esbin
AgesaModulePkg\Firmwares\H4\DNMcm_MP\Appb_Dn_2D_Ddr4_Udimm_Imem_Mcm.esbin
AgesaModulePkg\Firmwares\H4\DNMcm_MP\CoreMceEmptyData.bin
AgesaModulePkg\Firmwares\H4\DNMcm_MP\DNMcm.cif
AgesaModulePkg\Firmwares\H4\DNMcm_MP\DebugUnlock_DN.esbin
AgesaModulePkg\Firmwares\H4\DNMcm_MP\HtTpcmReleaseNotes_H4.txt
AgesaModulePkg\Firmwares\H4\DNMcm_MP\HygonPubKeyDN.bin
AgesaModulePkg\Firmwares\H4\DNMcm_MP\Hygon_TPM_TCG_License_and_Notice
AgesaModulePkg\Firmwares\H4\DNMcm_MP\PSP_ReleaseNotes_DnSp3Sp4.txt
AgesaModulePkg\Firmwares\H4\DNMcm_MP\PspBLErrorCode.csv
AgesaModulePkg\Firmwares\H4\DNMcm_MP\PspBootLoader_prod_DnSp3Sp4.esbin
AgesaModulePkg\Firmwares\H4\DNMcm_MP\PspIkekDN.bin
AgesaModulePkg\Firmwares\H4\DNMcm_MP\PspRecoveryBootLoader_prod_DNSp3Sp4.esbin
AgesaModulePkg\Firmwares\H4\DNMcm_MP\PspSecureFw.bin
AgesaModulePkg\Firmwares\H4\DNMcm_MP\PspSecureFwData.bin
AgesaModulePkg\Firmwares\H4\DNMcm_MP\PspSevEmptyData.bin
AgesaModulePkg\Firmwares\H4\DNMcm_MP\PspSevUapp.sbin
AgesaModulePkg\Firmwares\H4\DNMcm_MP\PspTpcmFw.bin
AgesaModulePkg\Firmwares\H4\DNMcm_MP\RsmuSecurityPolicy_DN.esbin
AgesaModulePkg\Firmwares\H4\DNMcm_MP\SecureEmptyToken.bin
AgesaModulePkg\Firmwares\H4\DNMcm_MP\SecureFwReleaseNotes.txt
AgesaModulePkg\Firmwares\H4\DNMcm_MP\SmuFirmware2McmDN.esbin
AgesaModulePkg\Firmwares\H4\DNMcm_MP\SmuFirmwareMcmDN.esbin
AgesaModulePkg\Firmwares\H4\DNMcm_MP\SmuReleaseNotesMcm.txt
AgesaModulePkg\Firmwares\H4\DNMcm_MP\UcodePatch_DN_Ax.esbin
AgesaModulePkg\Firmwares\H4\DNMcm_MP\UcodePatch_DN_B0.esbin
AgesaModulePkg\Firmwares\H4\DNMcm_MP\UcodePatch_DN_B1.esbin
AgesaModulePkg\Firmwares\H4\DNMcm_MP\UcodePatch_DN_C0.esbin
AgesaModulePkg\Firmwares\H4\DNMcm_MP\UcodePatch_DN_C1.esbin
AgesaModulePkg\Firmwares\H4\DNMcm_MP\UcodePatch_DN_C2.esbin
AgesaModulePkg\Firmwares\H4\DNMcm_MP\UcodePatch_DN_D0.esbin
AgesaModulePkg\Firmwares\H4\DNMcm_MP\UcodePatch_DN_D1.esbin
AgesaModulePkg\Firmwares\H4\DNMcm_MP\UcodePatch_MT.bin
AgesaModulePkg\Firmwares\H4\DNMcm_MP\bl_syscall.h
AgesaModulePkg\Firmwares\H4\DNMcm_MP\dwc_e25mp_phy.bin
AgesaModulePkg\Firmwares\H4\DNMcm_MP\log_table
AgesaModulePkg\Firmwares\H4\H4.cif


AgesaModulePkg\Include\HygonFuse.h

AgesaModulePkg\SnpDxe\DwI2cRegs.h
AgesaModulePkg\SnpDxe\SnpDxePort.inf
AgesaModulePkg\SnpDxe\XgbeSgmiiExtPhy.c
AgesaModulePkg\SnpDxe\XgbeSgmiiExtPhy.h
AgesaModulePkg\SnpDxe\xGbEI2cController.c
AgesaModulePkg\SnpDxe\xGbEI2cController.h
AgesaModulePkg\SnpDxe\xGbEI2cMaster.h

AgesaPkg\Addendum\Apcb\HONGHAIA1b\ApcbData\ApcbData_ZP_GID_0x1704_Type_PsCadBusSODIMMDdr4.c
AgesaPkg\Addendum\Apcb\HONGHAIA1b\ApcbData\ApcbData_ZP_GID_0x1704_Type_PsDataBusSODIMMDdr4.c
AgesaPkg\Addendum\Apcb\HONGHAIA1b\ApcbData\ApcbData_ZP_GID_0x1704_Type_PsMaxFreqSODIMMDdr4.c
AgesaPkg\Addendum\Apcb\HONGHAIA1b\ApcbData\ApcbData_ZP_GID_0x1704_Type_PsOdtPatSODIMMDdr4.c
AgesaPkg\Addendum\Apcb\HONGHAIA1b\ApcbData\ApcbData_ZP_GID_0x1704_Type_PsStretchFreqSODIMMDdr4.c

AmdCpmPkg\Addendum\Oem\HONGHAIA1b\HygonCpmHONGHAIA1bPkg.dec
AmdCpmPkg\Addendum\Oem\HONGHAIA1b\HygonCpmHONGHAIA1bPkg.dxe.inc.fdf
AmdCpmPkg\Addendum\Oem\HONGHAIA1b\HygonCpmHONGHAIA1bPkg.fdf
AmdCpmPkg\Addendum\Oem\HONGHAIA1b\HygonCpmHONGHAIA1bPkg.inc.dsc
AmdCpmPkg\Addendum\Oem\HONGHAIA1b\HygonCpmHONGHAIA1bPkg.pei.inc.fdf
AmdCpmPkg\Addendum\Oem\HONGHAIA1b\HygonCpmPlatform.h
AmdCpmPkg\Addendum\Oem\HONGHAIA1b\Pei\HygonCpmOemInitPei\HygonCpmOem.h
AmdCpmPkg\Addendum\Oem\HONGHAIA1b\Pei\HygonCpmOemInitPei\HygonCpmOemInitPei.cif
AmdCpmPkg\Addendum\Oem\HONGHAIA1b\Pei\HygonCpmOemInitPei\HygonCpmOemInitPei.sdl
AmdCpmPkg\Addendum\Oem\HONGHAIA1b\Pei\HygonCpmOemInitPei\HygonCpmOemInitPeim.c
AmdCpmPkg\Addendum\Oem\HONGHAIA1b\Pei\HygonCpmOemInitPei\HygonCpmOemInitPeim.h
AmdCpmPkg\Addendum\Oem\HONGHAIA1b\Pei\HygonCpmOemInitPei\HygonCpmOemInitPeimHONGHAIA1b.inf
AmdCpmPkg\Addendum\Oem\HONGHAIA1b\Pei\HygonCpmOemInitPei\HygonCpmOemSetup.c
AmdCpmPkg\Addendum\Oem\HONGHAIA1b\Pei\HygonCpmOemInitPei\HygonCpmOemTable.c
AmdCpmPkg\Addendum\Oem\HONGHAIA1b\Pei\HygonSataWorkaround\HygonSataWorkaround.c
AmdCpmPkg\Addendum\Oem\HONGHAIA1b\Pei\HygonSataWorkaround\HygonSataWorkaround.cif
AmdCpmPkg\Addendum\Oem\HONGHAIA1b\Pei\HygonSataWorkaround\HygonSataWorkaround.h
AmdCpmPkg\Addendum\Oem\HONGHAIA1b\Pei\HygonSataWorkaround\HygonSataWorkaround.inf
AmdCpmPkg\Addendum\Oem\HONGHAIA1b\Pei\HygonSataWorkaround\HygonSataWorkaround.sdl
AmdCpmPkg\Addendum\Oem\HONGHAIA1b\Pei\HygonStorageBackPlane\HygonStorageBackPlane.c
AmdCpmPkg\Addendum\Oem\HONGHAIA1b\Pei\HygonStorageBackPlane\HygonStorageBackPlane.cif
AmdCpmPkg\Addendum\Oem\HONGHAIA1b\Pei\HygonStorageBackPlane\HygonStorageBackPlane.h
AmdCpmPkg\Addendum\Oem\HONGHAIA1b\Pei\HygonStorageBackPlane\HygonStorageBackPlane.inf
AmdCpmPkg\Addendum\Oem\HONGHAIA1b\Pei\HygonStorageBackPlane\HygonStorageBackPlane.sdl

AmdCpmPkg\Addendum\Oem\HONGHAIA2d\HygonCpmHONGHAIA2dPkg.dec
AmdCpmPkg\Addendum\Oem\HONGHAIA2d\HygonCpmHONGHAIA2dPkg.dxe.inc.fdf
AmdCpmPkg\Addendum\Oem\HONGHAIA2d\HygonCpmHONGHAIA2dPkg.fdf
AmdCpmPkg\Addendum\Oem\HONGHAIA2d\HygonCpmHONGHAIA2dPkg.inc.dsc
AmdCpmPkg\Addendum\Oem\HONGHAIA2d\HygonCpmHONGHAIA2dPkg.pei.inc.fdf
AmdCpmPkg\Addendum\Oem\HONGHAIA2d\HygonCpmPlatform.h
AmdCpmPkg\Addendum\Oem\HONGHAIA2d\Pei\HygonCpmOemInitPei\HygonCpmOem.h
AmdCpmPkg\Addendum\Oem\HONGHAIA2d\Pei\HygonCpmOemInitPei\HygonCpmOemInitPei.cif
AmdCpmPkg\Addendum\Oem\HONGHAIA2d\Pei\HygonCpmOemInitPei\HygonCpmOemInitPei.sdl
AmdCpmPkg\Addendum\Oem\HONGHAIA2d\Pei\HygonCpmOemInitPei\HygonCpmOemInitPeim.c
AmdCpmPkg\Addendum\Oem\HONGHAIA2d\Pei\HygonCpmOemInitPei\HygonCpmOemInitPeim.h
AmdCpmPkg\Addendum\Oem\HONGHAIA2d\Pei\HygonCpmOemInitPei\HygonCpmOemInitPeimHONGHAIA2d.inf
AmdCpmPkg\Addendum\Oem\HONGHAIA2d\Pei\HygonCpmOemInitPei\HygonCpmOemSetup.c
AmdCpmPkg\Addendum\Oem\HONGHAIA2d\Pei\HygonCpmOemInitPei\HygonCpmOemTable.c
AmdCpmPkg\Addendum\Oem\HONGHAIA2d\Pei\HygonSataWorkaround\HygonSataWorkaround.c
AmdCpmPkg\Addendum\Oem\HONGHAIA2d\Pei\HygonSataWorkaround\HygonSataWorkaround.cif
AmdCpmPkg\Addendum\Oem\HONGHAIA2d\Pei\HygonSataWorkaround\HygonSataWorkaround.h
AmdCpmPkg\Addendum\Oem\HONGHAIA2d\Pei\HygonSataWorkaround\HygonSataWorkaround.inf
AmdCpmPkg\Addendum\Oem\HONGHAIA2d\Pei\HygonSataWorkaround\HygonSataWorkaround.sdl
AmdCpmPkg\Addendum\Oem\HONGHAIA2d\Pei\HygonStorageBackPlane\HygonStorageBackPlane.c
AmdCpmPkg\Addendum\Oem\HONGHAIA2d\Pei\HygonStorageBackPlane\HygonStorageBackPlane.cif
AmdCpmPkg\Addendum\Oem\HONGHAIA2d\Pei\HygonStorageBackPlane\HygonStorageBackPlane.h
AmdCpmPkg\Addendum\Oem\HONGHAIA2d\Pei\HygonStorageBackPlane\HygonStorageBackPlane.inf
AmdCpmPkg\Addendum\Oem\HONGHAIA2d\Pei\HygonStorageBackPlane\HygonStorageBackPlane.sdl

AmdCpmPkg\Addendum\Oem\Hygon35N16\HygonCpmHygon35N16Pkg.dec
AmdCpmPkg\Addendum\Oem\Hygon35N16\HygonCpmHygon35N16Pkg.dxe.inc.fdf
AmdCpmPkg\Addendum\Oem\Hygon35N16\HygonCpmHygon35N16Pkg.fdf
AmdCpmPkg\Addendum\Oem\Hygon35N16\HygonCpmHygon35N16Pkg.inc.dsc
AmdCpmPkg\Addendum\Oem\Hygon35N16\HygonCpmHygon35N16Pkg.pei.inc.fdf
AmdCpmPkg\Addendum\Oem\Hygon35N16\HygonCpmPlatform.h
AmdCpmPkg\Addendum\Oem\Hygon35N16\Pei\HygonCpmOemInitPei\HygonCpmOem.h
AmdCpmPkg\Addendum\Oem\Hygon35N16\Pei\HygonCpmOemInitPei\HygonCpmOemInitPei.cif
AmdCpmPkg\Addendum\Oem\Hygon35N16\Pei\HygonCpmOemInitPei\HygonCpmOemInitPei.sdl
AmdCpmPkg\Addendum\Oem\Hygon35N16\Pei\HygonCpmOemInitPei\HygonCpmOemInitPeim.c
AmdCpmPkg\Addendum\Oem\Hygon35N16\Pei\HygonCpmOemInitPei\HygonCpmOemInitPeim.h
AmdCpmPkg\Addendum\Oem\Hygon35N16\Pei\HygonCpmOemInitPei\HygonCpmOemInitPeimHygon35N16.inf
AmdCpmPkg\Addendum\Oem\Hygon35N16\Pei\HygonCpmOemInitPei\HygonCpmOemSetup.c
AmdCpmPkg\Addendum\Oem\Hygon35N16\Pei\HygonCpmOemInitPei\HygonCpmOemTable.c
AmdCpmPkg\Addendum\Oem\Hygon35N16\Pei\HygonSataWorkaround\HygonSataWorkaround.c
AmdCpmPkg\Addendum\Oem\Hygon35N16\Pei\HygonSataWorkaround\HygonSataWorkaround.cif
AmdCpmPkg\Addendum\Oem\Hygon35N16\Pei\HygonSataWorkaround\HygonSataWorkaround.h
AmdCpmPkg\Addendum\Oem\Hygon35N16\Pei\HygonSataWorkaround\HygonSataWorkaround.inf
AmdCpmPkg\Addendum\Oem\Hygon35N16\Pei\HygonSataWorkaround\HygonSataWorkaround.sdl

AmdCpmPkg\Addendum\Oem\Hygon52D16\HygonCpmHygon52D16Pkg.dec
AmdCpmPkg\Addendum\Oem\Hygon52D16\HygonCpmHygon52D16Pkg.dxe.inc.fdf
AmdCpmPkg\Addendum\Oem\Hygon52D16\HygonCpmHygon52D16Pkg.fdf
AmdCpmPkg\Addendum\Oem\Hygon52D16\HygonCpmHygon52D16Pkg.inc.dsc
AmdCpmPkg\Addendum\Oem\Hygon52D16\HygonCpmHygon52D16Pkg.pei.inc.fdf
AmdCpmPkg\Addendum\Oem\Hygon52D16\HygonCpmPlatform.h
AmdCpmPkg\Addendum\Oem\Hygon52D16\Pei\HygonCpmOemInitPei\HygonCpmOem.h
AmdCpmPkg\Addendum\Oem\Hygon52D16\Pei\HygonCpmOemInitPei\HygonCpmOemInitPei.cif
AmdCpmPkg\Addendum\Oem\Hygon52D16\Pei\HygonCpmOemInitPei\HygonCpmOemInitPei.sdl
AmdCpmPkg\Addendum\Oem\Hygon52D16\Pei\HygonCpmOemInitPei\HygonCpmOemInitPeim.c
AmdCpmPkg\Addendum\Oem\Hygon52D16\Pei\HygonCpmOemInitPei\HygonCpmOemInitPeim.h
AmdCpmPkg\Addendum\Oem\Hygon52D16\Pei\HygonCpmOemInitPei\HygonCpmOemInitPeimHygon52D16.inf
AmdCpmPkg\Addendum\Oem\Hygon52D16\Pei\HygonCpmOemInitPei\HygonCpmOemSetup.c
AmdCpmPkg\Addendum\Oem\Hygon52D16\Pei\HygonCpmOemInitPei\HygonCpmOemTable.c
AmdCpmPkg\Addendum\Oem\Hygon52D16\Pei\HygonSataWorkaround\HygonSataWorkaround.c
AmdCpmPkg\Addendum\Oem\Hygon52D16\Pei\HygonSataWorkaround\HygonSataWorkaround.cif
AmdCpmPkg\Addendum\Oem\Hygon52D16\Pei\HygonSataWorkaround\HygonSataWorkaround.h
AmdCpmPkg\Addendum\Oem\Hygon52D16\Pei\HygonSataWorkaround\HygonSataWorkaround.inf
AmdCpmPkg\Addendum\Oem\Hygon52D16\Pei\HygonSataWorkaround\HygonSataWorkaround.sdl

AmdCpmPkg\Addendum\Oem\Hygon62DB32SL1r2\HygonCpmHygon62DB32SL1r2Pkg.dec
AmdCpmPkg\Addendum\Oem\Hygon62DB32SL1r2\HygonCpmHygon62DB32SL1r2Pkg.dxe.inc.fdf
AmdCpmPkg\Addendum\Oem\Hygon62DB32SL1r2\HygonCpmHygon62DB32SL1r2Pkg.fdf
AmdCpmPkg\Addendum\Oem\Hygon62DB32SL1r2\HygonCpmHygon62DB32SL1r2Pkg.inc.dsc
AmdCpmPkg\Addendum\Oem\Hygon62DB32SL1r2\HygonCpmHygon62DB32SL1r2Pkg.pei.inc.fdf
AmdCpmPkg\Addendum\Oem\Hygon62DB32SL1r2\HygonCpmPlatform.h
AmdCpmPkg\Addendum\Oem\Hygon62DB32SL1r2\Pei\HygonCpmOemInitPei\HygonCpmOem.h
AmdCpmPkg\Addendum\Oem\Hygon62DB32SL1r2\Pei\HygonCpmOemInitPei\HygonCpmOemInitPei.cif
AmdCpmPkg\Addendum\Oem\Hygon62DB32SL1r2\Pei\HygonCpmOemInitPei\HygonCpmOemInitPei.sdl
AmdCpmPkg\Addendum\Oem\Hygon62DB32SL1r2\Pei\HygonCpmOemInitPei\HygonCpmOemInitPeim.c
AmdCpmPkg\Addendum\Oem\Hygon62DB32SL1r2\Pei\HygonCpmOemInitPei\HygonCpmOemInitPeim.h
AmdCpmPkg\Addendum\Oem\Hygon62DB32SL1r2\Pei\HygonCpmOemInitPei\HygonCpmOemInitPeimHygon62DB32SL1r2.inf
AmdCpmPkg\Addendum\Oem\Hygon62DB32SL1r2\Pei\HygonCpmOemInitPei\HygonCpmOemSetup.c
AmdCpmPkg\Addendum\Oem\Hygon62DB32SL1r2\Pei\HygonCpmOemInitPei\HygonCpmOemTable.c
AmdCpmPkg\Addendum\Oem\Hygon62DB32SL1r2\Pei\HygonSataWorkaround\HygonSataWorkaround.c
AmdCpmPkg\Addendum\Oem\Hygon62DB32SL1r2\Pei\HygonSataWorkaround\HygonSataWorkaround.cif
AmdCpmPkg\Addendum\Oem\Hygon62DB32SL1r2\Pei\HygonSataWorkaround\HygonSataWorkaround.h
AmdCpmPkg\Addendum\Oem\Hygon62DB32SL1r2\Pei\HygonSataWorkaround\HygonSataWorkaround.inf
AmdCpmPkg\Addendum\Oem\Hygon62DB32SL1r2\Pei\HygonSataWorkaround\HygonSataWorkaround.sdl

AmdCpmPkg\Addendum\Oem\Hygon62DB32\HygonCpmHygon62DB32Pkg.dec
AmdCpmPkg\Addendum\Oem\Hygon62DB32\HygonCpmHygon62DB32Pkg.dxe.inc.fdf
AmdCpmPkg\Addendum\Oem\Hygon62DB32\HygonCpmHygon62DB32Pkg.fdf
AmdCpmPkg\Addendum\Oem\Hygon62DB32\HygonCpmHygon62DB32Pkg.inc.dsc
AmdCpmPkg\Addendum\Oem\Hygon62DB32\HygonCpmHygon62DB32Pkg.pei.inc.fdf
AmdCpmPkg\Addendum\Oem\Hygon62DB32\HygonCpmPlatform.h
AmdCpmPkg\Addendum\Oem\Hygon62DB32\Pei\HygonCpmOemInitPei\HygonCpmOem.h
AmdCpmPkg\Addendum\Oem\Hygon62DB32\Pei\HygonCpmOemInitPei\HygonCpmOemInitPei.cif
AmdCpmPkg\Addendum\Oem\Hygon62DB32\Pei\HygonCpmOemInitPei\HygonCpmOemInitPei.sdl
AmdCpmPkg\Addendum\Oem\Hygon62DB32\Pei\HygonCpmOemInitPei\HygonCpmOemInitPeim.c
AmdCpmPkg\Addendum\Oem\Hygon62DB32\Pei\HygonCpmOemInitPei\HygonCpmOemInitPeim.h
AmdCpmPkg\Addendum\Oem\Hygon62DB32\Pei\HygonCpmOemInitPei\HygonCpmOemInitPeimHygon62DB32.inf
AmdCpmPkg\Addendum\Oem\Hygon62DB32\Pei\HygonCpmOemInitPei\HygonCpmOemSetup.c
AmdCpmPkg\Addendum\Oem\Hygon62DB32\Pei\HygonCpmOemInitPei\HygonCpmOemTable.c
AmdCpmPkg\Addendum\Oem\Hygon62DB32\Pei\HygonSataWorkaround\HygonSataWorkaround.c
AmdCpmPkg\Addendum\Oem\Hygon62DB32\Pei\HygonSataWorkaround\HygonSataWorkaround.cif
AmdCpmPkg\Addendum\Oem\Hygon62DB32\Pei\HygonSataWorkaround\HygonSataWorkaround.h
AmdCpmPkg\Addendum\Oem\Hygon62DB32\Pei\HygonSataWorkaround\HygonSataWorkaround.inf
AmdCpmPkg\Addendum\Oem\Hygon62DB32\Pei\HygonSataWorkaround\HygonSataWorkaround.sdl

AmdCpmPkg\Addendum\Oem\Hygon65N32\HygonCpmHygon65N32Pkg.dec
AmdCpmPkg\Addendum\Oem\Hygon65N32\HygonCpmHygon65N32Pkg.dxe.inc.fdf
AmdCpmPkg\Addendum\Oem\Hygon65N32\HygonCpmHygon65N32Pkg.fdf
AmdCpmPkg\Addendum\Oem\Hygon65N32\HygonCpmHygon65N32Pkg.inc.dsc
AmdCpmPkg\Addendum\Oem\Hygon65N32\HygonCpmHygon65N32Pkg.pei.inc.fdf
AmdCpmPkg\Addendum\Oem\Hygon65N32\HygonCpmPlatform.h
AmdCpmPkg\Addendum\Oem\Hygon65N32\Pei\HygonCpmOemInitPei\HygonCpmOem.h
AmdCpmPkg\Addendum\Oem\Hygon65N32\Pei\HygonCpmOemInitPei\HygonCpmOemInitPei.cif
AmdCpmPkg\Addendum\Oem\Hygon65N32\Pei\HygonCpmOemInitPei\HygonCpmOemInitPei.sdl
AmdCpmPkg\Addendum\Oem\Hygon65N32\Pei\HygonCpmOemInitPei\HygonCpmOemInitPeim.c
AmdCpmPkg\Addendum\Oem\Hygon65N32\Pei\HygonCpmOemInitPei\HygonCpmOemInitPeim.h
AmdCpmPkg\Addendum\Oem\Hygon65N32\Pei\HygonCpmOemInitPei\HygonCpmOemInitPeimHygon65N32.inf
AmdCpmPkg\Addendum\Oem\Hygon65N32\Pei\HygonCpmOemInitPei\HygonCpmOemSetup.c
AmdCpmPkg\Addendum\Oem\Hygon65N32\Pei\HygonCpmOemInitPei\HygonCpmOemTable.c
AmdCpmPkg\Addendum\Oem\Hygon65N32\Pei\HygonSataWorkaround\HygonSataWorkaround.c
AmdCpmPkg\Addendum\Oem\Hygon65N32\Pei\HygonSataWorkaround\HygonSataWorkaround.cif
AmdCpmPkg\Addendum\Oem\Hygon65N32\Pei\HygonSataWorkaround\HygonSataWorkaround.h
AmdCpmPkg\Addendum\Oem\Hygon65N32\Pei\HygonSataWorkaround\HygonSataWorkaround.inf
AmdCpmPkg\Addendum\Oem\Hygon65N32\Pei\HygonSataWorkaround\HygonSataWorkaround.sdl

AmdCpmPkg\Addendum\Oem\HygonDM1SLT\HygonCpmHygonDM1SLTPkg.dec
AmdCpmPkg\Addendum\Oem\HygonDM1SLT\HygonCpmHygonDM1SLTPkg.dxe.inc.fdf
AmdCpmPkg\Addendum\Oem\HygonDM1SLT\HygonCpmHygonDM1SLTPkg.fdf
AmdCpmPkg\Addendum\Oem\HygonDM1SLT\HygonCpmHygonDM1SLTPkg.inc.dsc
AmdCpmPkg\Addendum\Oem\HygonDM1SLT\HygonCpmHygonDM1SLTPkg.pei.inc.fdf
AmdCpmPkg\Addendum\Oem\HygonDM1SLT\HygonCpmPlatform.h
AmdCpmPkg\Addendum\Oem\HygonDM1SLT\Pei\HygonCpmOemInitPei\HygonCpmOem.h
AmdCpmPkg\Addendum\Oem\HygonDM1SLT\Pei\HygonCpmOemInitPei\HygonCpmOemInitPei.cif
AmdCpmPkg\Addendum\Oem\HygonDM1SLT\Pei\HygonCpmOemInitPei\HygonCpmOemInitPei.sdl
AmdCpmPkg\Addendum\Oem\HygonDM1SLT\Pei\HygonCpmOemInitPei\HygonCpmOemInitPeim.c
AmdCpmPkg\Addendum\Oem\HygonDM1SLT\Pei\HygonCpmOemInitPei\HygonCpmOemInitPeim.h
AmdCpmPkg\Addendum\Oem\HygonDM1SLT\Pei\HygonCpmOemInitPei\HygonCpmOemInitPeimHygonDM1SLT.inf
AmdCpmPkg\Addendum\Oem\HygonDM1SLT\Pei\HygonCpmOemInitPei\HygonCpmOemSetup.c
AmdCpmPkg\Addendum\Oem\HygonDM1SLT\Pei\HygonCpmOemInitPei\HygonCpmOemTable.c
AmdCpmPkg\Addendum\Oem\HygonDM1SLT\Pei\HygonSataWorkaround\HygonSataWorkaround.c
AmdCpmPkg\Addendum\Oem\HygonDM1SLT\Pei\HygonSataWorkaround\HygonSataWorkaround.cif
AmdCpmPkg\Addendum\Oem\HygonDM1SLT\Pei\HygonSataWorkaround\HygonSataWorkaround.h
AmdCpmPkg\Addendum\Oem\HygonDM1SLT\Pei\HygonSataWorkaround\HygonSataWorkaround.inf
AmdCpmPkg\Addendum\Oem\HygonDM1SLT\Pei\HygonSataWorkaround\HygonSataWorkaround.sdl
AmdCpmPkg\Addendum\Oem\HygonDM1SLT\Pei\HygonStorageBackPlane\HygonStorageBackPlane.c
AmdCpmPkg\Addendum\Oem\HygonDM1SLT\Pei\HygonStorageBackPlane\HygonStorageBackPlane.cif
AmdCpmPkg\Addendum\Oem\HygonDM1SLT\Pei\HygonStorageBackPlane\HygonStorageBackPlane.h
AmdCpmPkg\Addendum\Oem\HygonDM1SLT\Pei\HygonStorageBackPlane\HygonStorageBackPlane.inf
AmdCpmPkg\Addendum\Oem\HygonDM1SLT\Pei\HygonStorageBackPlane\HygonStorageBackPlane.sdl

AmdCpmPkg\Include\Protocol\SpiLockDxeProtocol.h
AmdCpmPkg\Include\Protocol\SpiLockSmmProtocol.h

AmiModulePkg\Include\Library\AmiUsbHcdLib.h

AmiModulePkg\Include\Protocol\AmiUsbCcid.h
AmiModulePkg\Include\Protocol\AmiUsbController.h
AmiModulePkg\Include\Protocol\AmiUsbHcMemRecordProtocol.h
AmiModulePkg\Include\Protocol\AmiUsbHid.h
AmiModulePkg\Include\Protocol\AmiUsbProtocols.cif
AmiModulePkg\Include\Protocol\Emul6064KbdInput.h
AmiModulePkg\Include\Protocol\Emul6064MsInput.h
AmiModulePkg\Include\Protocol\Emul6064Trap.h
AmiModulePkg\Include\Protocol\UsbHc.h
AmiModulePkg\Include\Protocol\UsbPolicy.h

AmiModulePkg\Usb\AmiUsbLib\DxeAmiUsbBdsLib\DxeAmiUsbBdsLib.c
AmiModulePkg\Usb\AmiUsbLib\DxeAmiUsbBdsLib\DxeAmiUsbBdsLib.inf
AmiModulePkg\Usb\AmiUsbLib\DxeAmiUsbHcdLib\DxeAmiUsb.c
AmiModulePkg\Usb\AmiUsbLib\DxeAmiUsbHcdLib\DxeAmiUsbHcdLib.c
AmiModulePkg\Usb\AmiUsbLib\DxeAmiUsbHcdLib\DxeAmiUsbHcdLib.inf
AmiModulePkg\Usb\AmiUsbLib\DxeAmiUsbHcdLib\DxeEhci.c
AmiModulePkg\Usb\AmiUsbLib\DxeAmiUsbHcdLib\DxeElib.c
AmiModulePkg\Usb\AmiUsbLib\DxeAmiUsbHcdLib\DxeOhci.c
AmiModulePkg\Usb\AmiUsbLib\DxeAmiUsbHcdLib\DxeUhci.c
AmiModulePkg\Usb\AmiUsbLib\DxeAmiUsbHcdLib\DxeXhci.c
AmiModulePkg\Usb\AmiUsbLib\SmmAmiUsbHcdLib\SmmAmiUsb.c
AmiModulePkg\Usb\AmiUsbLib\SmmAmiUsbHcdLib\SmmAmiUsbHcdLib.c
AmiModulePkg\Usb\AmiUsbLib\SmmAmiUsbHcdLib\SmmAmiUsbHcdLib.inf
AmiModulePkg\Usb\AmiUsbLib\SmmAmiUsbHcdLib\SmmEhci.c
AmiModulePkg\Usb\AmiUsbLib\SmmAmiUsbHcdLib\SmmElib.c
AmiModulePkg\Usb\AmiUsbLib\SmmAmiUsbHcdLib\SmmOhci.c
AmiModulePkg\Usb\AmiUsbLib\SmmAmiUsbHcdLib\SmmUhci.c
AmiModulePkg\Usb\AmiUsbLib\SmmAmiUsbHcdLib\SmmXhci.c
AmiModulePkg\Usb\AmiUsbPkg.dec
AmiModulePkg\Usb\BaseUsbBoardLib.inf
AmiModulePkg\Usb\DxeUsbBoardLib.inf
AmiModulePkg\Usb\Rt\UsbDeviceCaps.h
AmiModulePkg\Usb\Uhcd.inf
AmiModulePkg\Usb\UsbDevDriverElinks.txt
AmiModulePkg\Usb\UsbMemMisc.c
AmiModulePkg\Usb\UsbPort2.c
AmiModulePkg\Usb\UsbRtDxe.inf
AmiModulePkg\Usb\UsbRtSmm.inf
AmiModulePkg\Usb\UsbSbPort.c

AmiPspPkg\PspLayout\SOC0\BuildPspCsvSoc0_D3.txt
AmiPspPkg\PspLayout\SOC0\BuildPspSoc0_D3.txt
AmiPspPkg\PspLayout\SOC0\BuildPspTpcmSoc0_D3.txt
AmiPspPkg\PspLayout\SOC2\BuildPspCsvSoc2.txt
AmiPspPkg\PspLayout\SOC2\BuildPspSoc2.txt
AmiPspPkg\PspLayout\SOC2\BuildPspTpcmSoc2.txt
AmiPspPkg\PspLayout\SOC2\PspLayoutSoc2.sdl
AmiPspPkg\PspLayout\SOC2\SOC2.cif
DhyanaPkg\BmcGop\BmcGop.cif
DhyanaPkg\BmcGop\BmcGop.inf
DhyanaPkg\BmcGop\BmcGop.sdl
DhyanaPkg\BmcGop\X64\uefi_2500_800.efi
MdeModulePkg\Include\Ppi\IoMmu.h
MdeModulePkg\Include\Protocol\IoMmu.h