
AgesaModulePkg\Firmwares\D1\D1.cif
AgesaModulePkg\Firmwares\D1\DNMcm_ES\APCB_DN_D4.bin
AgesaModulePkg\Firmwares\D1\DNMcm_ES\APCB_UDIMM_AM4.bin
AgesaModulePkg\Firmwares\D1\DNMcm_ES\APOB_NV_DN.bin
AgesaModulePkg\Firmwares\D1\DNMcm_ES\AblPostCode.h
AgesaModulePkg\Firmwares\D1\DNMcm_ES\AgesaBLReleaseNotes_MCM.txt
AgesaModulePkg\Firmwares\D1\DNMcm_ES\AgesaBootloader0_prod_Mcm_DN.esbin
AgesaModulePkg\Firmwares\D1\DNMcm_ES\AgesaBootloader1_prod_Mcm_DN.esbin
AgesaModulePkg\Firmwares\D1\DNMcm_ES\AgesaBootloader2_prod_Mcm_DN.esbin
AgesaModulePkg\Firmwares\D1\DNMcm_ES\AgesaBootloader3_prod_Mcm_DN.esbin
AgesaModulePkg\Firmwares\D1\DNMcm_ES\AgesaBootloader4_prod_Mcm_DN.esbin
AgesaModulePkg\Firmwares\D1\DNMcm_ES\AgesaBootloader5_prod_Mcm_DN.esbin
AgesaModulePkg\Firmwares\D1\DNMcm_ES\AgesaBootloader6_prod_Mcm_DN.esbin
AgesaModulePkg\Firmwares\D1\DNMcm_ES\Appb_Dn_1D_Ddr4_Lrdimm_Dmem_Mcm.esbin
AgesaModulePkg\Firmwares\D1\DNMcm_ES\Appb_Dn_1D_Ddr4_Lrdimm_Imem_Mcm.esbin
AgesaModulePkg\Firmwares\D1\DNMcm_ES\Appb_Dn_1D_Ddr4_Rdimm_Dmem_Mcm.esbin
AgesaModulePkg\Firmwares\D1\DNMcm_ES\Appb_Dn_1D_Ddr4_Rdimm_Imem_Mcm.esbin
AgesaModulePkg\Firmwares\D1\DNMcm_ES\Appb_Dn_1D_Ddr4_Udimm_Dmem_Mcm.esbin
AgesaModulePkg\Firmwares\D1\DNMcm_ES\Appb_Dn_1D_Ddr4_Udimm_Imem_Mcm.esbin
AgesaModulePkg\Firmwares\D1\DNMcm_ES\Appb_Dn_2D_Ddr4_Dmem_Mcm.esbin
AgesaModulePkg\Firmwares\D1\DNMcm_ES\Appb_Dn_2D_Ddr4_Imem_Mcm.esbin
AgesaModulePkg\Firmwares\D1\DNMcm_ES\CoreMceEmptyData.bin
AgesaModulePkg\Firmwares\D1\DNMcm_ES\DNMcm.cif
AgesaModulePkg\Firmwares\D1\DNMcm_ES\DebugUnlock_DN.esbin
AgesaModulePkg\Firmwares\D1\DNMcm_ES\HtTpcmReleaseNotes_D.txt
AgesaModulePkg\Firmwares\D1\DNMcm_ES\HygonPubKeyDN.bin
AgesaModulePkg\Firmwares\D1\DNMcm_ES\PSP_ReleaseNotes_DnSp3Sp4.txt
AgesaModulePkg\Firmwares\D1\DNMcm_ES\PspBLErrorCode.csv
AgesaModulePkg\Firmwares\D1\DNMcm_ES\PspBootLoader_prod_DnSp3Sp4.esbin
AgesaModulePkg\Firmwares\D1\DNMcm_ES\PspIkekDN.bin
AgesaModulePkg\Firmwares\D1\DNMcm_ES\PspRecoveryBootLoader_prod_DNSp3Sp4.esbin
AgesaModulePkg\Firmwares\D1\DNMcm_ES\PspSecureFw.bin
AgesaModulePkg\Firmwares\D1\DNMcm_ES\PspSecureFwData.bin
AgesaModulePkg\Firmwares\D1\DNMcm_ES\PspSevEmptyData.bin
AgesaModulePkg\Firmwares\D1\DNMcm_ES\PspSevUapp.sbin
AgesaModulePkg\Firmwares\D1\DNMcm_ES\PspTpcmFw.bin
AgesaModulePkg\Firmwares\D1\DNMcm_ES\RsmuSecurityPolicy_DN.esbin
AgesaModulePkg\Firmwares\D1\DNMcm_ES\SecureEmptyToken.bin
AgesaModulePkg\Firmwares\D1\DNMcm_ES\SmuFirmware2McmDN.esbin
AgesaModulePkg\Firmwares\D1\DNMcm_ES\SmuFirmwareMcmDN.esbin
AgesaModulePkg\Firmwares\D1\DNMcm_ES\SmuReleaseNotesMcm.txt
AgesaModulePkg\Firmwares\D1\DNMcm_ES\UcodePatch_DN_Ax.esbin
AgesaModulePkg\Firmwares\D1\DNMcm_ES\UcodePatch_DN_B0.esbin
AgesaModulePkg\Firmwares\D1\DNMcm_ES\UcodePatch_DN_B1.esbin
AgesaModulePkg\Firmwares\D1\DNMcm_ES\UcodePatch_MT.bin
AgesaModulePkg\Firmwares\D1\DNMcm_ES\bl_syscall.h
AgesaModulePkg\Firmwares\D1\DNMcm_MP\APCB_DN_D4.bin
AgesaModulePkg\Firmwares\D1\DNMcm_MP\APOB_NV_DN.bin
AgesaModulePkg\Firmwares\D1\DNMcm_MP\AblPostCode.h
AgesaModulePkg\Firmwares\D1\DNMcm_MP\AgesaBLReleaseNotes_MCM.txt
AgesaModulePkg\Firmwares\D1\DNMcm_MP\AgesaBootloader0_prod_Mcm_DN.esbin
AgesaModulePkg\Firmwares\D1\DNMcm_MP\AgesaBootloader1_prod_Mcm_DN.esbin
AgesaModulePkg\Firmwares\D1\DNMcm_MP\AgesaBootloader2_prod_Mcm_DN.esbin
AgesaModulePkg\Firmwares\D1\DNMcm_MP\AgesaBootloader3_prod_Mcm_DN.esbin
AgesaModulePkg\Firmwares\D1\DNMcm_MP\AgesaBootloader4_prod_Mcm_DN.esbin
AgesaModulePkg\Firmwares\D1\DNMcm_MP\AgesaBootloader5_prod_Mcm_DN.esbin
AgesaModulePkg\Firmwares\D1\DNMcm_MP\AgesaBootloader6_prod_Mcm_DN.esbin
AgesaModulePkg\Firmwares\D1\DNMcm_MP\Appb_Dn_1D_Ddr4_Lrdimm_Dmem_Mcm.esbin
AgesaModulePkg\Firmwares\D1\DNMcm_MP\Appb_Dn_1D_Ddr4_Lrdimm_Imem_Mcm.esbin
AgesaModulePkg\Firmwares\D1\DNMcm_MP\Appb_Dn_1D_Ddr4_Rdimm_Dmem_Mcm.esbin
AgesaModulePkg\Firmwares\D1\DNMcm_MP\Appb_Dn_1D_Ddr4_Rdimm_Imem_Mcm.esbin
AgesaModulePkg\Firmwares\D1\DNMcm_MP\Appb_Dn_1D_Ddr4_Udimm_Dmem_Mcm.esbin
AgesaModulePkg\Firmwares\D1\DNMcm_MP\Appb_Dn_1D_Ddr4_Udimm_Imem_Mcm.esbin
AgesaModulePkg\Firmwares\D1\DNMcm_MP\Appb_Dn_2D_Ddr4_Dmem_Mcm.esbin
AgesaModulePkg\Firmwares\D1\DNMcm_MP\Appb_Dn_2D_Ddr4_Imem_Mcm.esbin
AgesaModulePkg\Firmwares\D1\DNMcm_MP\CoreMceEmptyData.bin
AgesaModulePkg\Firmwares\D1\DNMcm_MP\DNMcm.cif
AgesaModulePkg\Firmwares\D1\DNMcm_MP\DebugUnlock_DN.esbin
AgesaModulePkg\Firmwares\D1\DNMcm_MP\HtTpcmReleaseNotes_D.txt
AgesaModulePkg\Firmwares\D1\DNMcm_MP\HygonPubKeyDN.bin
AgesaModulePkg\Firmwares\D1\DNMcm_MP\PSP_ReleaseNotes_DnSp3Sp4.txt
AgesaModulePkg\Firmwares\D1\DNMcm_MP\PspBLErrorCode.csv
AgesaModulePkg\Firmwares\D1\DNMcm_MP\PspBootLoader_prod_DnSp3Sp4.esbin
AgesaModulePkg\Firmwares\D1\DNMcm_MP\PspIkekDN.bin
AgesaModulePkg\Firmwares\D1\DNMcm_MP\PspRecoveryBootLoader_prod_DNSp3Sp4.esbin
AgesaModulePkg\Firmwares\D1\DNMcm_MP\PspSecureFw.bin
AgesaModulePkg\Firmwares\D1\DNMcm_MP\PspSecureFwData.bin
AgesaModulePkg\Firmwares\D1\DNMcm_MP\PspSevEmptyData.bin
AgesaModulePkg\Firmwares\D1\DNMcm_MP\PspSevUapp.sbin
AgesaModulePkg\Firmwares\D1\DNMcm_MP\PspTpcmFw.bin
AgesaModulePkg\Firmwares\D1\DNMcm_MP\RsmuSecurityPolicy_DN.esbin
AgesaModulePkg\Firmwares\D1\DNMcm_MP\SecureEmptyToken.bin
AgesaModulePkg\Firmwares\D1\DNMcm_MP\SmuFirmware2McmDN.esbin
AgesaModulePkg\Firmwares\D1\DNMcm_MP\SmuFirmwareMcmDN.esbin
AgesaModulePkg\Firmwares\D1\DNMcm_MP\SmuReleaseNotesMcm.txt
AgesaModulePkg\Firmwares\D1\DNMcm_MP\UcodePatch_DN_Ax.esbin
AgesaModulePkg\Firmwares\D1\DNMcm_MP\UcodePatch_DN_B0.esbin
AgesaModulePkg\Firmwares\D1\DNMcm_MP\UcodePatch_DN_B1.esbin
AgesaModulePkg\Firmwares\D1\DNMcm_MP\UcodePatch_MT.bin
AgesaModulePkg\Firmwares\D1\DNMcm_MP\bl_syscall.h
AgesaModulePkg\Firmwares\D2\D2.cif
AgesaModulePkg\Firmwares\D2\DNMcm_ES\APCB_DN_D4.bin
AgesaModulePkg\Firmwares\D2\DNMcm_ES\APOB_NV_DN.bin
AgesaModulePkg\Firmwares\D2\DNMcm_ES\AblPostCode.h
AgesaModulePkg\Firmwares\D2\DNMcm_ES\AgesaBLReleaseNotes_MCM.txt
AgesaModulePkg\Firmwares\D2\DNMcm_ES\AgesaBootloader0_prod_Mcm_DN.esbin
AgesaModulePkg\Firmwares\D2\DNMcm_ES\AgesaBootloader1_prod_Mcm_DN.esbin
AgesaModulePkg\Firmwares\D2\DNMcm_ES\AgesaBootloader2_prod_Mcm_DN.esbin
AgesaModulePkg\Firmwares\D2\DNMcm_ES\AgesaBootloader3_prod_Mcm_DN.esbin
AgesaModulePkg\Firmwares\D2\DNMcm_ES\AgesaBootloader4_prod_Mcm_DN.esbin
AgesaModulePkg\Firmwares\D2\DNMcm_ES\AgesaBootloader5_prod_Mcm_DN.esbin
AgesaModulePkg\Firmwares\D2\DNMcm_ES\AgesaBootloader6_prod_Mcm_DN.esbin
AgesaModulePkg\Firmwares\D2\DNMcm_ES\Appb_Dn_1D_Ddr4_Lrdimm_Dmem_Mcm.esbin
AgesaModulePkg\Firmwares\D2\DNMcm_ES\Appb_Dn_1D_Ddr4_Lrdimm_Imem_Mcm.esbin
AgesaModulePkg\Firmwares\D2\DNMcm_ES\Appb_Dn_1D_Ddr4_Rdimm_Dmem_Mcm.esbin
AgesaModulePkg\Firmwares\D2\DNMcm_ES\Appb_Dn_1D_Ddr4_Rdimm_Imem_Mcm.esbin
AgesaModulePkg\Firmwares\D2\DNMcm_ES\Appb_Dn_1D_Ddr4_Udimm_Dmem_Mcm.esbin
AgesaModulePkg\Firmwares\D2\DNMcm_ES\Appb_Dn_1D_Ddr4_Udimm_Imem_Mcm.esbin
AgesaModulePkg\Firmwares\D2\DNMcm_ES\Appb_Dn_2D_Ddr4_Dmem_Mcm.esbin
AgesaModulePkg\Firmwares\D2\DNMcm_ES\Appb_Dn_2D_Ddr4_Imem_Mcm.esbin
AgesaModulePkg\Firmwares\D2\DNMcm_ES\CoreMceEmptyData.bin
AgesaModulePkg\Firmwares\D2\DNMcm_ES\DNMcm.cif
AgesaModulePkg\Firmwares\D2\DNMcm_ES\DebugUnlock_DN.esbin
AgesaModulePkg\Firmwares\D2\DNMcm_ES\HtTpcmReleaseNotes_D2.txt
AgesaModulePkg\Firmwares\D2\DNMcm_ES\HygonPubKeyDN.bin
AgesaModulePkg\Firmwares\D2\DNMcm_ES\Hygon_TPM_TCG_License_and_Notice
AgesaModulePkg\Firmwares\D2\DNMcm_ES\PSP_ReleaseNotes_DnSp3Sp4.txt
AgesaModulePkg\Firmwares\D2\DNMcm_ES\PspBLErrorCode.csv
AgesaModulePkg\Firmwares\D2\DNMcm_ES\PspBootLoader_prod_DnSp3Sp4.esbin
AgesaModulePkg\Firmwares\D2\DNMcm_ES\PspIkekDN.bin
AgesaModulePkg\Firmwares\D2\DNMcm_ES\PspRecoveryBootLoader_prod_DNSp3Sp4.esbin
AgesaModulePkg\Firmwares\D2\DNMcm_ES\PspSecureFw.bin
AgesaModulePkg\Firmwares\D2\DNMcm_ES\PspSecureFwData.bin
AgesaModulePkg\Firmwares\D2\DNMcm_ES\PspSevEmptyData.bin
AgesaModulePkg\Firmwares\D2\DNMcm_ES\PspSevUapp.sbin
AgesaModulePkg\Firmwares\D2\DNMcm_ES\PspTpcmFw.bin
AgesaModulePkg\Firmwares\D2\DNMcm_ES\RsmuSecurityPolicy_DN.esbin
AgesaModulePkg\Firmwares\D2\DNMcm_ES\SecureEmptyToken.bin
AgesaModulePkg\Firmwares\D2\DNMcm_ES\SecureFwReleaseNotes.txt
AgesaModulePkg\Firmwares\D2\DNMcm_ES\SmuFirmware2McmDN.esbin
AgesaModulePkg\Firmwares\D2\DNMcm_ES\SmuFirmwareMcmDN.esbin
AgesaModulePkg\Firmwares\D2\DNMcm_ES\SmuReleaseNotesMcm.txt
AgesaModulePkg\Firmwares\D2\DNMcm_ES\UcodePatch_DN_Ax.esbin
AgesaModulePkg\Firmwares\D2\DNMcm_ES\UcodePatch_DN_B0.esbin
AgesaModulePkg\Firmwares\D2\DNMcm_ES\UcodePatch_DN_B1.esbin
AgesaModulePkg\Firmwares\D2\DNMcm_ES\UcodePatch_DN_C0.esbin
AgesaModulePkg\Firmwares\D2\DNMcm_ES\UcodePatch_DN_C1.esbin
AgesaModulePkg\Firmwares\D2\DNMcm_ES\UcodePatch_DN_C2.esbin
AgesaModulePkg\Firmwares\D2\DNMcm_ES\UcodePatch_MT.bin
AgesaModulePkg\Firmwares\D2\DNMcm_ES\bl_syscall.h
AgesaModulePkg\Firmwares\D2\DNMcm_ES\dwc_e25mp_phy.bin
AgesaModulePkg\Firmwares\D2\DNMcm_ES\log_table
AgesaModulePkg\Firmwares\D2\DNMcm_MP\APCB_DN_D4.bin
AgesaModulePkg\Firmwares\D2\DNMcm_MP\APOB_NV_DN.bin
AgesaModulePkg\Firmwares\D2\DNMcm_MP\AblPostCode.h
AgesaModulePkg\Firmwares\D2\DNMcm_MP\AgesaBLReleaseNotes_MCM.txt
AgesaModulePkg\Firmwares\D2\DNMcm_MP\AgesaBootloader0_prod_Mcm_DN.esbin
AgesaModulePkg\Firmwares\D2\DNMcm_MP\AgesaBootloader1_prod_Mcm_DN.esbin
AgesaModulePkg\Firmwares\D2\DNMcm_MP\AgesaBootloader2_prod_Mcm_DN.esbin
AgesaModulePkg\Firmwares\D2\DNMcm_MP\AgesaBootloader3_prod_Mcm_DN.esbin
AgesaModulePkg\Firmwares\D2\DNMcm_MP\AgesaBootloader4_prod_Mcm_DN.esbin
AgesaModulePkg\Firmwares\D2\DNMcm_MP\AgesaBootloader5_prod_Mcm_DN.esbin
AgesaModulePkg\Firmwares\D2\DNMcm_MP\AgesaBootloader6_prod_Mcm_DN.esbin
AgesaModulePkg\Firmwares\D2\DNMcm_MP\Appb_Dn_1D_Ddr4_Lrdimm_Dmem_Mcm.esbin
AgesaModulePkg\Firmwares\D2\DNMcm_MP\Appb_Dn_1D_Ddr4_Lrdimm_Imem_Mcm.esbin
AgesaModulePkg\Firmwares\D2\DNMcm_MP\Appb_Dn_1D_Ddr4_Rdimm_Dmem_Mcm.esbin
AgesaModulePkg\Firmwares\D2\DNMcm_MP\Appb_Dn_1D_Ddr4_Rdimm_Imem_Mcm.esbin
AgesaModulePkg\Firmwares\D2\DNMcm_MP\Appb_Dn_1D_Ddr4_Udimm_Dmem_Mcm.esbin
AgesaModulePkg\Firmwares\D2\DNMcm_MP\Appb_Dn_1D_Ddr4_Udimm_Imem_Mcm.esbin
AgesaModulePkg\Firmwares\D2\DNMcm_MP\Appb_Dn_2D_Ddr4_Dmem_Mcm.esbin
AgesaModulePkg\Firmwares\D2\DNMcm_MP\Appb_Dn_2D_Ddr4_Imem_Mcm.esbin
AgesaModulePkg\Firmwares\D2\DNMcm_MP\CoreMceEmptyData.bin
AgesaModulePkg\Firmwares\D2\DNMcm_MP\DNMcm.cif
AgesaModulePkg\Firmwares\D2\DNMcm_MP\DebugUnlock_DN.esbin
AgesaModulePkg\Firmwares\D2\DNMcm_MP\HtTpcmReleaseNotes_D2.txt
AgesaModulePkg\Firmwares\D2\DNMcm_MP\HygonPubKeyDN.bin
AgesaModulePkg\Firmwares\D2\DNMcm_MP\Hygon_TPM_TCG_License_and_Notice
AgesaModulePkg\Firmwares\D2\DNMcm_MP\PSP_ReleaseNotes_DnSp3Sp4.txt
AgesaModulePkg\Firmwares\D2\DNMcm_MP\PspBLErrorCode.csv
AgesaModulePkg\Firmwares\D2\DNMcm_MP\PspBootLoader_prod_DnSp3Sp4.esbin
AgesaModulePkg\Firmwares\D2\DNMcm_MP\PspIkekDN.bin
AgesaModulePkg\Firmwares\D2\DNMcm_MP\PspRecoveryBootLoader_prod_DNSp3Sp4.esbin
AgesaModulePkg\Firmwares\D2\DNMcm_MP\PspSecureFw.bin
AgesaModulePkg\Firmwares\D2\DNMcm_MP\PspSecureFwData.bin
AgesaModulePkg\Firmwares\D2\DNMcm_MP\PspSevEmptyData.bin
AgesaModulePkg\Firmwares\D2\DNMcm_MP\PspSevUapp.sbin
AgesaModulePkg\Firmwares\D2\DNMcm_MP\PspTpcmFw.bin
AgesaModulePkg\Firmwares\D2\DNMcm_MP\RsmuSecurityPolicy_DN.esbin
AgesaModulePkg\Firmwares\D2\DNMcm_MP\SecureEmptyToken.bin
AgesaModulePkg\Firmwares\D2\DNMcm_MP\SecureFwReleaseNotes.txt
AgesaModulePkg\Firmwares\D2\DNMcm_MP\SmuFirmware2McmDN.esbin
AgesaModulePkg\Firmwares\D2\DNMcm_MP\SmuFirmwareMcmDN.esbin
AgesaModulePkg\Firmwares\D2\DNMcm_MP\SmuReleaseNotesMcm.txt
AgesaModulePkg\Firmwares\D2\DNMcm_MP\UcodePatch_DN_Ax.esbin
AgesaModulePkg\Firmwares\D2\DNMcm_MP\UcodePatch_DN_B0.esbin
AgesaModulePkg\Firmwares\D2\DNMcm_MP\UcodePatch_DN_B1.esbin
AgesaModulePkg\Firmwares\D2\DNMcm_MP\UcodePatch_DN_C0.esbin
AgesaModulePkg\Firmwares\D2\DNMcm_MP\UcodePatch_DN_C1.esbin
AgesaModulePkg\Firmwares\D2\DNMcm_MP\UcodePatch_DN_C2.esbin
AgesaModulePkg\Firmwares\D2\DNMcm_MP\UcodePatch_MT.bin
AgesaModulePkg\Firmwares\D2\DNMcm_MP\bl_syscall.h
AgesaModulePkg\Firmwares\D2\DNMcm_MP\dwc_e25mp_phy.bin
AgesaModulePkg\Firmwares\D2\DNMcm_MP\log_table
AgesaModulePkg\Firmwares\DP\DNMcm_ES\APOB_NV_DN.bin
AgesaModulePkg\Firmwares\DP\DNMcm_ES\AblPostCode.h
AgesaModulePkg\Firmwares\DP\DNMcm_ES\AgesaBLReleaseNotes_MCM.txt
AgesaModulePkg\Firmwares\DP\DNMcm_ES\AgesaBootloader0_prod_Mcm_DN.esbin
AgesaModulePkg\Firmwares\DP\DNMcm_ES\AgesaBootloader1_prod_Mcm_DN.esbin
AgesaModulePkg\Firmwares\DP\DNMcm_ES\AgesaBootloader2_prod_Mcm_DN.esbin
AgesaModulePkg\Firmwares\DP\DNMcm_ES\AgesaBootloader3_prod_Mcm_DN.esbin
AgesaModulePkg\Firmwares\DP\DNMcm_ES\AgesaBootloader4_prod_Mcm_DN.esbin
AgesaModulePkg\Firmwares\DP\DNMcm_ES\AgesaBootloader5_prod_Mcm_DN.esbin
AgesaModulePkg\Firmwares\DP\DNMcm_ES\AgesaBootloader6_prod_Mcm_DN.esbin
AgesaModulePkg\Firmwares\DP\DNMcm_ES\Appb_Dn_1D_Ddr4_Lrdimm_Dmem_Mcm.esbin
AgesaModulePkg\Firmwares\DP\DNMcm_ES\Appb_Dn_1D_Ddr4_Lrdimm_Imem_Mcm.esbin
AgesaModulePkg\Firmwares\DP\DNMcm_ES\Appb_Dn_1D_Ddr4_Rdimm_Dmem_Mcm.esbin
AgesaModulePkg\Firmwares\DP\DNMcm_ES\Appb_Dn_1D_Ddr4_Rdimm_Imem_Mcm.esbin
AgesaModulePkg\Firmwares\DP\DNMcm_ES\Appb_Dn_1D_Ddr4_Udimm_Dmem_Mcm.esbin
AgesaModulePkg\Firmwares\DP\DNMcm_ES\Appb_Dn_1D_Ddr4_Udimm_Imem_Mcm.esbin
AgesaModulePkg\Firmwares\DP\DNMcm_ES\Appb_Dn_2D_Ddr4_Dmem_Mcm.esbin
AgesaModulePkg\Firmwares\DP\DNMcm_ES\Appb_Dn_2D_Ddr4_Imem_Mcm.esbin
AgesaModulePkg\Firmwares\DP\DNMcm_ES\CoreMceEmptyData.bin
AgesaModulePkg\Firmwares\DP\DNMcm_ES\DNMcm.cif
AgesaModulePkg\Firmwares\DP\DNMcm_ES\DebugUnlock_DN.esbin
AgesaModulePkg\Firmwares\DP\DNMcm_ES\HtTpcmReleaseNotes_DP.txt
AgesaModulePkg\Firmwares\DP\DNMcm_ES\HygonPubKeyDN.bin
AgesaModulePkg\Firmwares\DP\DNMcm_ES\Hygon_TPM_TCG_License_and_Notice
AgesaModulePkg\Firmwares\DP\DNMcm_ES\PSP_ReleaseNotes_DnSp3Sp4.txt
AgesaModulePkg\Firmwares\DP\DNMcm_ES\PspBLErrorCode.csv
AgesaModulePkg\Firmwares\DP\DNMcm_ES\PspBootLoader_prod_DnSp3Sp4.esbin
AgesaModulePkg\Firmwares\DP\DNMcm_ES\PspIkekDN.bin
AgesaModulePkg\Firmwares\DP\DNMcm_ES\PspRecoveryBootLoader_prod_DNSp3Sp4.esbin
AgesaModulePkg\Firmwares\DP\DNMcm_ES\PspSecureFw.bin
AgesaModulePkg\Firmwares\DP\DNMcm_ES\PspSecureFwData.bin
AgesaModulePkg\Firmwares\DP\DNMcm_ES\PspSevEmptyData.bin
AgesaModulePkg\Firmwares\DP\DNMcm_ES\PspSevUapp.sbin
AgesaModulePkg\Firmwares\DP\DNMcm_ES\PspTpcmFw.bin
AgesaModulePkg\Firmwares\DP\DNMcm_ES\RsmuSecurityPolicy_DN.esbin
AgesaModulePkg\Firmwares\DP\DNMcm_ES\SecureEmptyToken.bin
AgesaModulePkg\Firmwares\DP\DNMcm_ES\SecureFwReleaseNotes.txt
AgesaModulePkg\Firmwares\DP\DNMcm_ES\SmuFirmware2McmDN.esbin
AgesaModulePkg\Firmwares\DP\DNMcm_ES\SmuFirmwareMcmDN.esbin
AgesaModulePkg\Firmwares\DP\DNMcm_ES\SmuReleaseNotesMcm.txt
AgesaModulePkg\Firmwares\DP\DNMcm_ES\UcodePatch_DN_Ax.esbin
AgesaModulePkg\Firmwares\DP\DNMcm_ES\UcodePatch_DN_B0.esbin
AgesaModulePkg\Firmwares\DP\DNMcm_ES\UcodePatch_DN_B1.esbin
AgesaModulePkg\Firmwares\DP\DNMcm_ES\UcodePatch_MT.bin
AgesaModulePkg\Firmwares\DP\DNMcm_ES\bl_syscall.h
AgesaModulePkg\Firmwares\DP\DNMcm_ES\log_table
AgesaModulePkg\Firmwares\DP\DNMcm_MP\APCB_DN_D4.bin
AgesaModulePkg\Firmwares\DP\DNMcm_MP\APOB_NV_DN.bin
AgesaModulePkg\Firmwares\DP\DNMcm_MP\AblPostCode.h
AgesaModulePkg\Firmwares\DP\DNMcm_MP\AgesaBLReleaseNotes_MCM.txt
AgesaModulePkg\Firmwares\DP\DNMcm_MP\AgesaBootloader0_prod_Mcm_DN.esbin
AgesaModulePkg\Firmwares\DP\DNMcm_MP\AgesaBootloader1_prod_Mcm_DN.esbin
AgesaModulePkg\Firmwares\DP\DNMcm_MP\AgesaBootloader2_prod_Mcm_DN.esbin
AgesaModulePkg\Firmwares\DP\DNMcm_MP\AgesaBootloader3_prod_Mcm_DN.esbin
AgesaModulePkg\Firmwares\DP\DNMcm_MP\AgesaBootloader4_prod_Mcm_DN.esbin
AgesaModulePkg\Firmwares\DP\DNMcm_MP\AgesaBootloader5_prod_Mcm_DN.esbin
AgesaModulePkg\Firmwares\DP\DNMcm_MP\AgesaBootloader6_prod_Mcm_DN.esbin
AgesaModulePkg\Firmwares\DP\DNMcm_MP\Appb_Dn_1D_Ddr4_Lrdimm_Dmem_Mcm.esbin
AgesaModulePkg\Firmwares\DP\DNMcm_MP\Appb_Dn_1D_Ddr4_Lrdimm_Imem_Mcm.esbin
AgesaModulePkg\Firmwares\DP\DNMcm_MP\Appb_Dn_1D_Ddr4_Rdimm_Dmem_Mcm.esbin
AgesaModulePkg\Firmwares\DP\DNMcm_MP\Appb_Dn_1D_Ddr4_Rdimm_Imem_Mcm.esbin
AgesaModulePkg\Firmwares\DP\DNMcm_MP\Appb_Dn_1D_Ddr4_Udimm_Dmem_Mcm.esbin
AgesaModulePkg\Firmwares\DP\DNMcm_MP\Appb_Dn_1D_Ddr4_Udimm_Imem_Mcm.esbin
AgesaModulePkg\Firmwares\DP\DNMcm_MP\Appb_Dn_2D_Ddr4_Dmem_Mcm.esbin
AgesaModulePkg\Firmwares\DP\DNMcm_MP\Appb_Dn_2D_Ddr4_Imem_Mcm.esbin
AgesaModulePkg\Firmwares\DP\DNMcm_MP\CoreMceEmptyData.bin
AgesaModulePkg\Firmwares\DP\DNMcm_MP\DNMcm.cif
AgesaModulePkg\Firmwares\DP\DNMcm_MP\DebugUnlock_DN.esbin
AgesaModulePkg\Firmwares\DP\DNMcm_MP\HtTpcmReleaseNotes_DP.txt
AgesaModulePkg\Firmwares\DP\DNMcm_MP\HygonPubKeyDN.bin
AgesaModulePkg\Firmwares\DP\DNMcm_MP\Hygon_TPM_TCG_License_and_Notice
AgesaModulePkg\Firmwares\DP\DNMcm_MP\PSP_ReleaseNotes_DnSp3Sp4.txt
AgesaModulePkg\Firmwares\DP\DNMcm_MP\PspBLErrorCode.csv
AgesaModulePkg\Firmwares\DP\DNMcm_MP\PspBootLoader_prod_DnSp3Sp4.esbin
AgesaModulePkg\Firmwares\DP\DNMcm_MP\PspIkekDN.bin
AgesaModulePkg\Firmwares\DP\DNMcm_MP\PspRecoveryBootLoader_prod_DNSp3Sp4.esbin
AgesaModulePkg\Firmwares\DP\DNMcm_MP\PspSecureFw.bin
AgesaModulePkg\Firmwares\DP\DNMcm_MP\PspSecureFwData.bin
AgesaModulePkg\Firmwares\DP\DNMcm_MP\PspSevEmptyData.bin
AgesaModulePkg\Firmwares\DP\DNMcm_MP\PspSevUapp.sbin
AgesaModulePkg\Firmwares\DP\DNMcm_MP\PspTpcmFw.bin
AgesaModulePkg\Firmwares\DP\DNMcm_MP\RsmuSecurityPolicy_DN.esbin
AgesaModulePkg\Firmwares\DP\DNMcm_MP\SecureEmptyToken.bin
AgesaModulePkg\Firmwares\DP\DNMcm_MP\SecureFwReleaseNotes.txt
AgesaModulePkg\Firmwares\DP\DNMcm_MP\SmuFirmware2McmDN.esbin
AgesaModulePkg\Firmwares\DP\DNMcm_MP\SmuFirmwareMcmDN.esbin
AgesaModulePkg\Firmwares\DP\DNMcm_MP\SmuReleaseNotesMcm.txt
AgesaModulePkg\Firmwares\DP\DNMcm_MP\UcodePatch_DN_Ax.esbin
AgesaModulePkg\Firmwares\DP\DNMcm_MP\UcodePatch_DN_B0.esbin
AgesaModulePkg\Firmwares\DP\DNMcm_MP\UcodePatch_DN_B1.esbin
AgesaModulePkg\Firmwares\DP\DNMcm_MP\UcodePatch_MT.bin
AgesaModulePkg\Firmwares\DP\DNMcm_MP\bl_syscall.h
AgesaModulePkg\Firmwares\DP\DNMcm_MP\log_table
AgesaModulePkg\Firmwares\DP\DP.cif


AgesaModulePkg\SnpDxe\SnpDxePort0.inf
AgesaModulePkg\SnpDxe\SnpDxePort1.inf
AgesaModulePkg\SnpDxe\SnpDxePort2.inf
AgesaModulePkg\SnpDxe\SnpDxePort3.inf

AmdCpmPkg\Addendum\Oem\HONGHAIA1b\AmdCpmHONGHAIA1bPkg.dec
AmdCpmPkg\Addendum\Oem\HONGHAIA1b\AmdCpmHONGHAIA1bPkg.dxe.inc.fdf
AmdCpmPkg\Addendum\Oem\HONGHAIA1b\AmdCpmHONGHAIA1bPkg.fdf
AmdCpmPkg\Addendum\Oem\HONGHAIA1b\AmdCpmHONGHAIA1bPkg.inc.dsc
AmdCpmPkg\Addendum\Oem\HONGHAIA1b\AmdCpmHONGHAIA1bPkg.pei.inc.fdf
AmdCpmPkg\Addendum\Oem\HONGHAIA1b\AmdCpmPlatform.h
AmdCpmPkg\Addendum\Oem\HONGHAIA1b\Pei\AmdCpmOemInitPei\AmdCpmOem.h
AmdCpmPkg\Addendum\Oem\HONGHAIA1b\Pei\AmdCpmOemInitPei\AmdCpmOemInitPei.cif
AmdCpmPkg\Addendum\Oem\HONGHAIA1b\Pei\AmdCpmOemInitPei\AmdCpmOemInitPei.sdl
AmdCpmPkg\Addendum\Oem\HONGHAIA1b\Pei\AmdCpmOemInitPei\AmdCpmOemInitPeim.c
AmdCpmPkg\Addendum\Oem\HONGHAIA1b\Pei\AmdCpmOemInitPei\AmdCpmOemInitPeim.h
AmdCpmPkg\Addendum\Oem\HONGHAIA1b\Pei\AmdCpmOemInitPei\AmdCpmOemInitPeimHONGHAIA1b.inf
AmdCpmPkg\Addendum\Oem\HONGHAIA1b\Pei\AmdCpmOemInitPei\AmdCpmOemSetup.c
AmdCpmPkg\Addendum\Oem\HONGHAIA1b\Pei\AmdCpmOemInitPei\AmdCpmOemTable.c
AmdCpmPkg\Addendum\Oem\HONGHAIA1b\Pei\AmdSataWorkaround\AmdSataWorkaround.c
AmdCpmPkg\Addendum\Oem\HONGHAIA1b\Pei\AmdSataWorkaround\AmdSataWorkaround.cif
AmdCpmPkg\Addendum\Oem\HONGHAIA1b\Pei\AmdSataWorkaround\AmdSataWorkaround.h
AmdCpmPkg\Addendum\Oem\HONGHAIA1b\Pei\AmdSataWorkaround\AmdSataWorkaround.inf
AmdCpmPkg\Addendum\Oem\HONGHAIA1b\Pei\AmdSataWorkaround\AmdSataWorkaround.sdl
AmdCpmPkg\Addendum\Oem\HONGHAIA1b\Pei\AmdStorageBackPlane\AmdStorageBackPlane.c
AmdCpmPkg\Addendum\Oem\HONGHAIA1b\Pei\AmdStorageBackPlane\AmdStorageBackPlane.cif
AmdCpmPkg\Addendum\Oem\HONGHAIA1b\Pei\AmdStorageBackPlane\AmdStorageBackPlane.h
AmdCpmPkg\Addendum\Oem\HONGHAIA1b\Pei\AmdStorageBackPlane\AmdStorageBackPlane.inf
AmdCpmPkg\Addendum\Oem\HONGHAIA1b\Pei\AmdStorageBackPlane\AmdStorageBackPlane.sdl

AmdCpmPkg\Addendum\Oem\HONGHAIA2d\AmdCpmHONGHAIA2dPkg.dec
AmdCpmPkg\Addendum\Oem\HONGHAIA2d\AmdCpmHONGHAIA2dPkg.dxe.inc.fdf
AmdCpmPkg\Addendum\Oem\HONGHAIA2d\AmdCpmHONGHAIA2dPkg.fdf
AmdCpmPkg\Addendum\Oem\HONGHAIA2d\AmdCpmHONGHAIA2dPkg.inc.dsc
AmdCpmPkg\Addendum\Oem\HONGHAIA2d\AmdCpmHONGHAIA2dPkg.pei.inc.fdf
AmdCpmPkg\Addendum\Oem\HONGHAIA2d\AmdCpmPlatform.h
AmdCpmPkg\Addendum\Oem\HONGHAIA2d\Pei\AmdCpmOemInitPei\AmdCpmOem.h
AmdCpmPkg\Addendum\Oem\HONGHAIA2d\Pei\AmdCpmOemInitPei\AmdCpmOemInitPei.cif
AmdCpmPkg\Addendum\Oem\HONGHAIA2d\Pei\AmdCpmOemInitPei\AmdCpmOemInitPei.sdl
AmdCpmPkg\Addendum\Oem\HONGHAIA2d\Pei\AmdCpmOemInitPei\AmdCpmOemInitPeim.c
AmdCpmPkg\Addendum\Oem\HONGHAIA2d\Pei\AmdCpmOemInitPei\AmdCpmOemInitPeim.h
AmdCpmPkg\Addendum\Oem\HONGHAIA2d\Pei\AmdCpmOemInitPei\AmdCpmOemInitPeimHONGHAIA2d.inf
AmdCpmPkg\Addendum\Oem\HONGHAIA2d\Pei\AmdCpmOemInitPei\AmdCpmOemSetup.c
AmdCpmPkg\Addendum\Oem\HONGHAIA2d\Pei\AmdCpmOemInitPei\AmdCpmOemTable.c
AmdCpmPkg\Addendum\Oem\HONGHAIA2d\Pei\AmdSataWorkaround\AmdSataWorkaround.c
AmdCpmPkg\Addendum\Oem\HONGHAIA2d\Pei\AmdSataWorkaround\AmdSataWorkaround.cif
AmdCpmPkg\Addendum\Oem\HONGHAIA2d\Pei\AmdSataWorkaround\AmdSataWorkaround.h
AmdCpmPkg\Addendum\Oem\HONGHAIA2d\Pei\AmdSataWorkaround\AmdSataWorkaround.inf
AmdCpmPkg\Addendum\Oem\HONGHAIA2d\Pei\AmdSataWorkaround\AmdSataWorkaround.sdl
AmdCpmPkg\Addendum\Oem\HONGHAIA2d\Pei\AmdStorageBackPlane\AmdStorageBackPlane.c
AmdCpmPkg\Addendum\Oem\HONGHAIA2d\Pei\AmdStorageBackPlane\AmdStorageBackPlane.cif
AmdCpmPkg\Addendum\Oem\HONGHAIA2d\Pei\AmdStorageBackPlane\AmdStorageBackPlane.h
AmdCpmPkg\Addendum\Oem\HONGHAIA2d\Pei\AmdStorageBackPlane\AmdStorageBackPlane.inf
AmdCpmPkg\Addendum\Oem\HONGHAIA2d\Pei\AmdStorageBackPlane\AmdStorageBackPlane.sdl

AmdCpmPkg\Addendum\Oem\Hygon35N16\AmdCpmHygon35N16Pkg.dec
AmdCpmPkg\Addendum\Oem\Hygon35N16\AmdCpmHygon35N16Pkg.dxe.inc.fdf
AmdCpmPkg\Addendum\Oem\Hygon35N16\AmdCpmHygon35N16Pkg.fdf
AmdCpmPkg\Addendum\Oem\Hygon35N16\AmdCpmHygon35N16Pkg.inc.dsc
AmdCpmPkg\Addendum\Oem\Hygon35N16\AmdCpmHygon35N16Pkg.pei.inc.fdf
AmdCpmPkg\Addendum\Oem\Hygon35N16\AmdCpmPlatform.h
AmdCpmPkg\Addendum\Oem\Hygon35N16\Pei\AmdCpmOemInitPei\AmdCpmOem.h
AmdCpmPkg\Addendum\Oem\Hygon35N16\Pei\AmdCpmOemInitPei\AmdCpmOemInitPei.cif
AmdCpmPkg\Addendum\Oem\Hygon35N16\Pei\AmdCpmOemInitPei\AmdCpmOemInitPei.sdl
AmdCpmPkg\Addendum\Oem\Hygon35N16\Pei\AmdCpmOemInitPei\AmdCpmOemInitPeim.c
AmdCpmPkg\Addendum\Oem\Hygon35N16\Pei\AmdCpmOemInitPei\AmdCpmOemInitPeim.h
AmdCpmPkg\Addendum\Oem\Hygon35N16\Pei\AmdCpmOemInitPei\AmdCpmOemInitPeimHygon35N16.inf
AmdCpmPkg\Addendum\Oem\Hygon35N16\Pei\AmdCpmOemInitPei\AmdCpmOemSetup.c
AmdCpmPkg\Addendum\Oem\Hygon35N16\Pei\AmdCpmOemInitPei\AmdCpmOemTable.c
AmdCpmPkg\Addendum\Oem\Hygon35N16\Pei\AmdSataWorkaround\AmdSataWorkaround.c
AmdCpmPkg\Addendum\Oem\Hygon35N16\Pei\AmdSataWorkaround\AmdSataWorkaround.cif
AmdCpmPkg\Addendum\Oem\Hygon35N16\Pei\AmdSataWorkaround\AmdSataWorkaround.h
AmdCpmPkg\Addendum\Oem\Hygon35N16\Pei\AmdSataWorkaround\AmdSataWorkaround.inf
AmdCpmPkg\Addendum\Oem\Hygon35N16\Pei\AmdSataWorkaround\AmdSataWorkaround.sdl

AmdCpmPkg\Addendum\Oem\Hygon52D16\AmdCpmHygon52D16Pkg.dec
AmdCpmPkg\Addendum\Oem\Hygon52D16\AmdCpmHygon52D16Pkg.dxe.inc.fdf
AmdCpmPkg\Addendum\Oem\Hygon52D16\AmdCpmHygon52D16Pkg.fdf
AmdCpmPkg\Addendum\Oem\Hygon52D16\AmdCpmHygon52D16Pkg.inc.dsc
AmdCpmPkg\Addendum\Oem\Hygon52D16\AmdCpmHygon52D16Pkg.pei.inc.fdf
AmdCpmPkg\Addendum\Oem\Hygon52D16\AmdCpmPlatform.h
AmdCpmPkg\Addendum\Oem\Hygon52D16\Pei\AmdCpmOemInitPei\AmdCpmOem.h
AmdCpmPkg\Addendum\Oem\Hygon52D16\Pei\AmdCpmOemInitPei\AmdCpmOemInitPei.cif
AmdCpmPkg\Addendum\Oem\Hygon52D16\Pei\AmdCpmOemInitPei\AmdCpmOemInitPei.sdl
AmdCpmPkg\Addendum\Oem\Hygon52D16\Pei\AmdCpmOemInitPei\AmdCpmOemInitPeim.c
AmdCpmPkg\Addendum\Oem\Hygon52D16\Pei\AmdCpmOemInitPei\AmdCpmOemInitPeim.h
AmdCpmPkg\Addendum\Oem\Hygon52D16\Pei\AmdCpmOemInitPei\AmdCpmOemInitPeimHygon52D16.inf
AmdCpmPkg\Addendum\Oem\Hygon52D16\Pei\AmdCpmOemInitPei\AmdCpmOemSetup.c
AmdCpmPkg\Addendum\Oem\Hygon52D16\Pei\AmdCpmOemInitPei\AmdCpmOemTable.c
AmdCpmPkg\Addendum\Oem\Hygon52D16\Pei\AmdSataWorkaround\AmdSataWorkaround.c
AmdCpmPkg\Addendum\Oem\Hygon52D16\Pei\AmdSataWorkaround\AmdSataWorkaround.cif
AmdCpmPkg\Addendum\Oem\Hygon52D16\Pei\AmdSataWorkaround\AmdSataWorkaround.h
AmdCpmPkg\Addendum\Oem\Hygon52D16\Pei\AmdSataWorkaround\AmdSataWorkaround.inf
AmdCpmPkg\Addendum\Oem\Hygon52D16\Pei\AmdSataWorkaround\AmdSataWorkaround.sdl

AmdCpmPkg\Addendum\Oem\Hygon62DB32SL1r2\AmdCpmHygon62DB32SL1r2Pkg.dec
AmdCpmPkg\Addendum\Oem\Hygon62DB32SL1r2\AmdCpmHygon62DB32SL1r2Pkg.dxe.inc.fdf
AmdCpmPkg\Addendum\Oem\Hygon62DB32SL1r2\AmdCpmHygon62DB32SL1r2Pkg.fdf
AmdCpmPkg\Addendum\Oem\Hygon62DB32SL1r2\AmdCpmHygon62DB32SL1r2Pkg.inc.dsc
AmdCpmPkg\Addendum\Oem\Hygon62DB32SL1r2\AmdCpmHygon62DB32SL1r2Pkg.pei.inc.fdf
AmdCpmPkg\Addendum\Oem\Hygon62DB32SL1r2\AmdCpmPlatform.h
AmdCpmPkg\Addendum\Oem\Hygon62DB32SL1r2\Pei\AmdCpmOemInitPei\AmdCpmOem.h
AmdCpmPkg\Addendum\Oem\Hygon62DB32SL1r2\Pei\AmdCpmOemInitPei\AmdCpmOemInitPei.cif
AmdCpmPkg\Addendum\Oem\Hygon62DB32SL1r2\Pei\AmdCpmOemInitPei\AmdCpmOemInitPei.sdl
AmdCpmPkg\Addendum\Oem\Hygon62DB32SL1r2\Pei\AmdCpmOemInitPei\AmdCpmOemInitPeim.c
AmdCpmPkg\Addendum\Oem\Hygon62DB32SL1r2\Pei\AmdCpmOemInitPei\AmdCpmOemInitPeim.h
AmdCpmPkg\Addendum\Oem\Hygon62DB32SL1r2\Pei\AmdCpmOemInitPei\AmdCpmOemInitPeimHygon62DB32SL1r2.inf
AmdCpmPkg\Addendum\Oem\Hygon62DB32SL1r2\Pei\AmdCpmOemInitPei\AmdCpmOemSetup.c
AmdCpmPkg\Addendum\Oem\Hygon62DB32SL1r2\Pei\AmdCpmOemInitPei\AmdCpmOemTable.c
AmdCpmPkg\Addendum\Oem\Hygon62DB32SL1r2\Pei\AmdSataWorkaround\AmdSataWorkaround.c
AmdCpmPkg\Addendum\Oem\Hygon62DB32SL1r2\Pei\AmdSataWorkaround\AmdSataWorkaround.cif
AmdCpmPkg\Addendum\Oem\Hygon62DB32SL1r2\Pei\AmdSataWorkaround\AmdSataWorkaround.h
AmdCpmPkg\Addendum\Oem\Hygon62DB32SL1r2\Pei\AmdSataWorkaround\AmdSataWorkaround.inf
AmdCpmPkg\Addendum\Oem\Hygon62DB32SL1r2\Pei\AmdSataWorkaround\AmdSataWorkaround.sdl

AmdCpmPkg\Addendum\Oem\Hygon62DB32\AmdCpmHygon62DB32Pkg.dec
AmdCpmPkg\Addendum\Oem\Hygon62DB32\AmdCpmHygon62DB32Pkg.dxe.inc.fdf
AmdCpmPkg\Addendum\Oem\Hygon62DB32\AmdCpmHygon62DB32Pkg.fdf
AmdCpmPkg\Addendum\Oem\Hygon62DB32\AmdCpmHygon62DB32Pkg.inc.dsc
AmdCpmPkg\Addendum\Oem\Hygon62DB32\AmdCpmHygon62DB32Pkg.pei.inc.fdf
AmdCpmPkg\Addendum\Oem\Hygon62DB32\AmdCpmPlatform.h
AmdCpmPkg\Addendum\Oem\Hygon62DB32\Pei\AmdCpmOemInitPei\AmdCpmOem.h
AmdCpmPkg\Addendum\Oem\Hygon62DB32\Pei\AmdCpmOemInitPei\AmdCpmOemInitPei.cif
AmdCpmPkg\Addendum\Oem\Hygon62DB32\Pei\AmdCpmOemInitPei\AmdCpmOemInitPei.sdl
AmdCpmPkg\Addendum\Oem\Hygon62DB32\Pei\AmdCpmOemInitPei\AmdCpmOemInitPeim.c
AmdCpmPkg\Addendum\Oem\Hygon62DB32\Pei\AmdCpmOemInitPei\AmdCpmOemInitPeim.h
AmdCpmPkg\Addendum\Oem\Hygon62DB32\Pei\AmdCpmOemInitPei\AmdCpmOemInitPeimHygon62DB32.inf
AmdCpmPkg\Addendum\Oem\Hygon62DB32\Pei\AmdCpmOemInitPei\AmdCpmOemSetup.c
AmdCpmPkg\Addendum\Oem\Hygon62DB32\Pei\AmdCpmOemInitPei\AmdCpmOemTable.c
AmdCpmPkg\Addendum\Oem\Hygon62DB32\Pei\AmdSataWorkaround\AmdSataWorkaround.c
AmdCpmPkg\Addendum\Oem\Hygon62DB32\Pei\AmdSataWorkaround\AmdSataWorkaround.cif
AmdCpmPkg\Addendum\Oem\Hygon62DB32\Pei\AmdSataWorkaround\AmdSataWorkaround.h
AmdCpmPkg\Addendum\Oem\Hygon62DB32\Pei\AmdSataWorkaround\AmdSataWorkaround.inf
AmdCpmPkg\Addendum\Oem\Hygon62DB32\Pei\AmdSataWorkaround\AmdSataWorkaround.sdl

AmdCpmPkg\Addendum\Oem\Hygon65N32\AmdCpmHygon65N32Pkg.dec
AmdCpmPkg\Addendum\Oem\Hygon65N32\AmdCpmHygon65N32Pkg.dxe.inc.fdf
AmdCpmPkg\Addendum\Oem\Hygon65N32\AmdCpmHygon65N32Pkg.fdf
AmdCpmPkg\Addendum\Oem\Hygon65N32\AmdCpmHygon65N32Pkg.inc.dsc
AmdCpmPkg\Addendum\Oem\Hygon65N32\AmdCpmHygon65N32Pkg.pei.inc.fdf
AmdCpmPkg\Addendum\Oem\Hygon65N32\AmdCpmPlatform.h
AmdCpmPkg\Addendum\Oem\Hygon65N32\Pei\AmdCpmOemInitPei\AmdCpmOem.h
AmdCpmPkg\Addendum\Oem\Hygon65N32\Pei\AmdCpmOemInitPei\AmdCpmOemInitPei.cif
AmdCpmPkg\Addendum\Oem\Hygon65N32\Pei\AmdCpmOemInitPei\AmdCpmOemInitPei.sdl
AmdCpmPkg\Addendum\Oem\Hygon65N32\Pei\AmdCpmOemInitPei\AmdCpmOemInitPeim.c
AmdCpmPkg\Addendum\Oem\Hygon65N32\Pei\AmdCpmOemInitPei\AmdCpmOemInitPeim.h
AmdCpmPkg\Addendum\Oem\Hygon65N32\Pei\AmdCpmOemInitPei\AmdCpmOemInitPeimHygon65N32.inf
AmdCpmPkg\Addendum\Oem\Hygon65N32\Pei\AmdCpmOemInitPei\AmdCpmOemSetup.c
AmdCpmPkg\Addendum\Oem\Hygon65N32\Pei\AmdCpmOemInitPei\AmdCpmOemTable.c
AmdCpmPkg\Addendum\Oem\Hygon65N32\Pei\AmdSataWorkaround\AmdSataWorkaround.c
AmdCpmPkg\Addendum\Oem\Hygon65N32\Pei\AmdSataWorkaround\AmdSataWorkaround.cif
AmdCpmPkg\Addendum\Oem\Hygon65N32\Pei\AmdSataWorkaround\AmdSataWorkaround.h
AmdCpmPkg\Addendum\Oem\Hygon65N32\Pei\AmdSataWorkaround\AmdSataWorkaround.inf
AmdCpmPkg\Addendum\Oem\Hygon65N32\Pei\AmdSataWorkaround\AmdSataWorkaround.sdl

AmdCpmPkg\Addendum\Oem\HygonDM1SLT\AmdCpmHygonDM1SLTPkg.dec
AmdCpmPkg\Addendum\Oem\HygonDM1SLT\AmdCpmHygonDM1SLTPkg.dxe.inc.fdf
AmdCpmPkg\Addendum\Oem\HygonDM1SLT\AmdCpmHygonDM1SLTPkg.fdf
AmdCpmPkg\Addendum\Oem\HygonDM1SLT\AmdCpmHygonDM1SLTPkg.inc.dsc
AmdCpmPkg\Addendum\Oem\HygonDM1SLT\AmdCpmHygonDM1SLTPkg.pei.inc.fdf
AmdCpmPkg\Addendum\Oem\HygonDM1SLT\AmdCpmPlatform.h
AmdCpmPkg\Addendum\Oem\HygonDM1SLT\Pei\AmdCpmOemInitPei\AmdCpmOem.h
AmdCpmPkg\Addendum\Oem\HygonDM1SLT\Pei\AmdCpmOemInitPei\AmdCpmOemInitPei.cif
AmdCpmPkg\Addendum\Oem\HygonDM1SLT\Pei\AmdCpmOemInitPei\AmdCpmOemInitPei.sdl
AmdCpmPkg\Addendum\Oem\HygonDM1SLT\Pei\AmdCpmOemInitPei\AmdCpmOemInitPeim.c
AmdCpmPkg\Addendum\Oem\HygonDM1SLT\Pei\AmdCpmOemInitPei\AmdCpmOemInitPeim.h
AmdCpmPkg\Addendum\Oem\HygonDM1SLT\Pei\AmdCpmOemInitPei\AmdCpmOemInitPeimHygonDM1SLT.inf
AmdCpmPkg\Addendum\Oem\HygonDM1SLT\Pei\AmdCpmOemInitPei\AmdCpmOemSetup.c
AmdCpmPkg\Addendum\Oem\HygonDM1SLT\Pei\AmdCpmOemInitPei\AmdCpmOemTable.c
AmdCpmPkg\Addendum\Oem\HygonDM1SLT\Pei\AmdSataWorkaround\AmdSataWorkaround.c
AmdCpmPkg\Addendum\Oem\HygonDM1SLT\Pei\AmdSataWorkaround\AmdSataWorkaround.cif
AmdCpmPkg\Addendum\Oem\HygonDM1SLT\Pei\AmdSataWorkaround\AmdSataWorkaround.h
AmdCpmPkg\Addendum\Oem\HygonDM1SLT\Pei\AmdSataWorkaround\AmdSataWorkaround.inf
AmdCpmPkg\Addendum\Oem\HygonDM1SLT\Pei\AmdSataWorkaround\AmdSataWorkaround.sdl
AmdCpmPkg\Addendum\Oem\HygonDM1SLT\Pei\AmdStorageBackPlane\AmdStorageBackPlane.c
AmdCpmPkg\Addendum\Oem\HygonDM1SLT\Pei\AmdStorageBackPlane\AmdStorageBackPlane.cif
AmdCpmPkg\Addendum\Oem\HygonDM1SLT\Pei\AmdStorageBackPlane\AmdStorageBackPlane.h
AmdCpmPkg\Addendum\Oem\HygonDM1SLT\Pei\AmdStorageBackPlane\AmdStorageBackPlane.inf
AmdCpmPkg\Addendum\Oem\HygonDM1SLT\Pei\AmdStorageBackPlane\AmdStorageBackPlane.sdl

AmiCompatibilityPkg\Include\Protocol\AmiUsbCcid.h
AmiCompatibilityPkg\Include\Protocol\AmiUsbController.h
AmiCompatibilityPkg\Include\Protocol\AmiUsbHcMemRecordProtocol.h
AmiCompatibilityPkg\Include\Protocol\AmiUsbHid.h
AmiCompatibilityPkg\Include\Protocol\AmiUsbProtocols.cif
AmiCompatibilityPkg\Include\Protocol\Emul6064KbdInput.h
AmiCompatibilityPkg\Include\Protocol\Emul6064MsInput.h
AmiCompatibilityPkg\Include\Protocol\Emul6064Trap.h
AmiCompatibilityPkg\Include\Protocol\UsbHc.h
AmiCompatibilityPkg\Include\Protocol\UsbPolicy.h
AmiModulePkg\Usb\AmiUsbLib\Crc32.c

AmiModulePkg\Usb\Rt\Debug.c
AmiModulePkg\Usb\Rt\UsbRt.mak
AmiModulePkg\Usb\Uhcd.mak